full time series of predicted survey index
survey year spp area pred_survey
1 1 1 1 282798
1 1 2 1 2.02582e-261
1 1 3 1 2.48669e+006
1 1 4 1 8984.78
1 2 1 1 8874.86
1 2 2 1 7.64812e-229
1 2 3 1 34692.8
1 2 4 1 778.094
1 3 1 1 7404.2
1 3 2 1 5.44131e-190
1 3 3 1 19186
1 3 4 1 1958.47
1 4 1 1 12364.7
1 4 2 1 2.86411e-192
1 4 3 1 18020.3
1 4 4 1 2427.7
1 5 1 1 10934.3
1 5 2 1 1.27009e-185
1 5 3 1 18060.9
1 5 4 1 1941.37
1 6 1 1 10807.1
1 6 2 1 1.0203e-189
1 6 3 1 15238.5
1 6 4 1 1935.23
1 7 1 1 11893.9
1 7 2 1 3.05279e-191
1 7 3 1 15774.9
1 7 4 1 2315.63
1 8 1 1 10305.2
1 8 2 1 9.69387e-193
1 8 3 1 13619.8
1 8 4 1 1836.39
1 9 1 1 11875.8
1 9 2 1 3.33258e-194
1 9 3 1 16156.4
1 9 4 1 2312.99
1 10 1 1 11656.5
1 10 2 1 8.50905e-180
1 10 3 1 19320.1
1 10 4 1 2229.6
1 11 1 1 10302.3
1 11 2 1 1.45285e-183
1 11 3 1 18553.7
1 11 4 1 1745.06
1 12 1 1 11289.4
1 12 2 1 9.10158e-181
1 12 3 1 20363.8
1 12 4 1 1970.98
1 13 1 1 9284.83
1 13 2 1 8.94086e-185
1 13 3 1 17043.2
1 13 4 1 1349.6
1 14 1 1 10448
1 14 2 1 2.91869e-186
1 14 3 1 18809.6
1 14 4 1 1607.95
1 15 1 1 11592.3
1 15 2 1 1.46148e-179
1 15 3 1 20901.4
1 15 4 1 1988.85
1 16 1 1 12005.6
1 16 2 1 2.9097e-183
1 16 3 1 19309.6
1 16 4 1 2269.03
1 17 1 1 9942.27
1 17 2 1 3.10499e-185
1 17 3 1 14402.2
1 17 4 1 1675.58
1 18 1 1 12653.1
1 18 2 1 1.34362e-186
1 18 3 1 14465.5
1 18 4 1 2617.28
1 19 1 1 12201.7
1 19 2 1 6.57916e-183
1 19 3 1 17997.3
1 19 4 1 2554.31
1 20 1 1 10818.7
1 20 2 1 6.98887e-187
1 20 3 1 15965
1 20 4 1 2089.61
1 21 1 1 12703
1 21 2 1 1.62754e-188
1 21 3 1 15767.4
1 21 4 1 2761.4
1 22 1 1 10932.1
1 22 2 1 2.04923e-190
1 22 3 1 11744.9
1 22 4 1 2252.96
1 23 1 1 11522.4
1 23 2 1 5.13188e-192
1 23 3 1 14887.4
1 23 4 1 2378.32
1 24 1 1 11145.6
1 24 2 1 1.55556e-193
1 24 3 1 14864.7
1 24 4 1 2170.81
1 25 1 1 11282.6
1 25 2 1 3.8637e-195
1 25 3 1 12599.5
1 25 4 1 2240.46
1 26 1 1 12546.4
1 26 2 1 2.4261e-189
1 26 3 1 16885.2
1 26 4 1 2684.58
1 27 1 1 13890.2
1 27 2 1 1.47036e-174
1 27 3 1 19494.1
1 27 4 1 3363.63
1 28 1 1 12743.5
1 28 2 1 1.95782e-178
1 28 3 1 17081.7
1 28 4 1 3157.87
1 29 1 1 10934
1 29 2 1 2.85528e-180
1 29 3 1 13393.4
1 29 4 1 2481.89
1 30 1 1 13222.9
1 30 2 1 6.84788e-182
1 30 3 1 17902.7
1 30 4 1 3176.43
1 31 1 1 12097
1 31 2 1 1.37138e-183
1 31 3 1 15083.1
1 31 4 1 2810.79
1 32 1 1 11937.5
1 32 2 1 3.17271e-185
1 32 3 1 15018.8
1 32 4 1 2758.76
1 33 1 1 12439.1
1 33 2 1 1.07086e-186
1 33 3 1 14442.7
1 33 4 1 2958.73
1 34 1 1 11345.1
1 34 2 1 3.2343e-188
1 34 3 1 12112.1
1 34 4 1 2595.6
1 35 1 1 11272.1
1 35 2 1 9.42043e-190
1 35 3 1 10374.6
1 35 4 1 2567.01
1 36 1 1 12417.8
1 36 2 1 1.09523e-191
1 36 3 1 11641.2
1 36 4 1 2999.65
1 37 1 1 11652.9
1 37 2 1 1.31401e-193
1 37 3 1 12114.2
1 37 4 1 2737.09
1 38 1 1 12068.9
1 38 2 1 2.46507e-195
1 38 3 1 12753.5
1 38 4 1 2885.65
1 39 1 1 11135.2
1 39 2 1 5.30405e-197
1 39 3 1 10515.3
1 39 4 1 2549.78
1 40 1 1 12713.6
1 40 2 1 1.23067e-198
1 40 3 1 13406.3
1 40 4 1 3118.84
1 41 1 1 11454.8
1 41 2 1 3.09516e-200
1 41 3 1 11316.3
1 41 4 1 2710.38
1 42 1 1 12306.6
1 42 2 1 1.13181e-201
1 42 3 1 12538.4
1 42 4 1 3062.07
2 1 1 1 27204.7
2 1 2 1 2.02582e-261
2 1 3 1 28977.7
2 1 4 1 7720.73
2 2 1 1 4097.96
2 2 2 1 6.76503e-231
2 2 3 1 513.408
2 2 4 1 77.7381
2 3 1 1 245.504
2 3 2 1 4.81303e-192
2 3 3 1 44.0944
2 3 4 1 30.1827
2 4 1 1 474.981
2 4 2 1 2.80881e-194
2 4 3 1 26.9187
2 4 4 1 52.129
2 5 1 1 618.404
2 5 2 1 1.12344e-187
2 5 3 1 25.1172
2 5 4 1 45.5724
2 6 1 1 556.645
2 6 2 1 3.99519e-191
2 6 3 1 22.2029
2 6 4 1 42.121
2 7 1 1 608.82
2 7 2 1 4.20356e-192
2 7 3 1 21.6514
2 7 4 1 50.4786
2 8 1 1 592.388
2 8 2 1 1.74362e-193
2 8 3 1 19.1971
2 8 4 1 43.9956
2 9 1 1 578.884
2 9 2 1 6.53798e-195
2 9 3 1 20.9741
2 9 4 1 49.0281
2 10 1 1 626.585
2 10 2 1 7.52655e-182
2 10 3 1 24.6505
2 10 4 1 50.6714
2 11 1 1 541.04
2 11 2 1 5.54216e-185
2 11 3 1 25.4668
2 11 4 1 38.833
2 12 1 1 520.443
2 12 2 1 8.05738e-183
2 12 3 1 27.7877
2 12 4 1 39.6195
2 13 1 1 471.939
2 13 2 1 3.70302e-186
2 13 3 1 25.2663
2 13 4 1 28.6722
2 14 1 1 438.675
2 14 2 1 4.04997e-187
2 14 3 1 26.2568
2 14 4 1 29.8965
2 15 1 1 534.781
2 15 2 1 1.29273e-181
2 15 3 1 28.7346
2 15 4 1 38.8988
2 16 1 1 624.721
2 16 2 1 1.04222e-184
2 16 3 1 27.8314
2 16 4 1 48.6789
2 17 1 1 561.876
2 17 2 1 4.27454e-186
2 17 3 1 21.8428
2 17 4 1 39.0904
2 18 1 1 615.026
2 18 2 1 2.41055e-187
2 18 3 1 20.3052
2 18 4 1 54.9028
2 19 1 1 717.366
2 19 2 1 5.82035e-185
2 19 3 1 22.5862
2 19 4 1 62.7188
2 20 1 1 627.119
2 20 2 1 2.75922e-188
2 20 3 1 21.7751
2 20 4 1 51.2303
2 21 1 1 666.496
2 21 2 1 2.24365e-189
2 21 3 1 21.4881
2 21 4 1 62.6119
2 22 1 1 714.22
2 22 2 1 3.70059e-191
2 22 3 1 16.8193
2 22 4 1 61.5402
2 23 1 1 613.724
2 23 2 1 1.00902e-192
2 23 3 1 18.4001
2 23 4 1 55.4761
2 24 1 1 621.356
2 24 2 1 3.15837e-194
2 24 3 1 19.463
2 24 4 1 52.1267
2 25 1 1 628.937
2 25 2 1 7.94399e-196
2 25 3 1 17.681
2 25 4 1 53.1452
2 26 1 1 669.217
2 26 2 1 2.14597e-191
2 26 3 1 20.7161
2 26 4 1 61.6391
2 27 1 1 816.8
2 27 2 1 1.30059e-176
2 27 3 1 24.4101
2 27 4 1 83.5446
2 28 1 1 881.021
2 28 2 1 7.66603e-180
2 28 3 1 22.8865
2 28 4 1 91.9577
2 29 1 1 725.801
2 29 2 1 3.93172e-181
2 29 3 1 18.3939
2 29 4 1 71.4011
2 30 1 1 704.202
2 30 2 1 1.11906e-182
2 30 3 1 21.689
2 30 4 1 76.3487
2 31 1 1 807.442
2 31 2 1 2.68904e-184
2 31 3 1 20.2622
2 31 4 1 80.4072
2 32 1 1 727.034
2 32 2 1 6.43738e-186
2 32 3 1 19.5033
2 32 4 1 72.8847
2 33 1 1 760.708
2 33 2 1 2.20087e-187
2 33 3 1 18.9266
2 33 4 1 78.8716
2 34 1 1 751.528
2 34 2 1 6.68041e-189
2 34 3 1 16.314
2 34 4 1 74.251
2 35 1 1 702.64
2 35 2 1 1.94932e-190
2 35 3 1 13.8997
2 35 4 1 70.0447
2 36 1 1 749.233
2 36 2 1 2.26773e-192
2 36 3 1 14.2893
2 36 4 1 79.7834
2 37 1 1 767.823
2 37 2 1 2.72138e-194
2 37 3 1 14.8183
2 37 4 1 78.4672
2 38 1 1 742.281
2 38 2 1 5.10572e-196
2 38 3 1 15.7669
2 38 4 1 78.0118
2 39 1 1 739.341
2 39 2 1 1.09863e-197
2 39 3 1 13.9027
2 39 4 1 73.8905
2 40 1 1 741.352
2 40 2 1 2.54912e-199
2 40 3 1 16.0298
2 40 4 1 80.7154
2 41 1 1 797.055
2 41 2 1 6.41111e-201
2 41 3 1 14.7198
2 41 4 1 81.9026
2 42 1 1 761.696
2 42 2 1 2.34436e-202
2 42 3 1 15.4597
2 42 4 1 83.7885
full time series of predicted catch
fleet year spp area pred_catch
1 1 1 1 17274.2
1 1 4 1 6096.67
1 2 1 1 11529.9
1 2 4 1 4049.94
1 3 1 1 7556.35
1 3 4 1 7874.64
1 4 1 1 7345.15
1 4 4 1 8919.91
1 5 1 1 9480.21
1 5 4 1 10738.6
1 6 1 1 8829.22
1 6 4 1 10024.1
1 7 1 1 7098.62
1 7 4 1 8199.14
1 8 1 1 8418.3
1 8 4 1 9514.89
1 9 1 1 7340.18
1 9 4 1 8501.04
1 10 1 1 8343.58
1 10 4 1 9564.18
1 11 1 1 10826.1
1 11 4 1 12157.9
1 12 1 1 10511.7
1 12 4 1 11964.6
1 13 1 1 13436.3
1 13 4 1 14764.6
1 14 1 1 12741.5
1 14 4 1 14289.4
1 15 1 1 10843.3
1 15 4 1 12293.4
1 16 1 1 8438.33
1 16 4 1 9639.18
1 17 1 1 9895.65
1 17 4 1 11060.8
1 18 1 1 5399.86
1 18 4 1 6326.93
1 19 1 1 6013.01
1 19 4 1 6966.01
1 20 1 1 7477.97
1 20 4 1 8544.19
1 21 1 1 4721.64
1 21 4 1 5556.33
1 22 1 1 4688.83
1 22 4 1 5403.62
1 23 1 1 5964.12
1 23 4 1 6945.46
1 24 1 1 6949.95
1 24 4 1 8012.47
1 25 1 1 5836.77
1 25 4 1 6745.21
1 26 1 1 5496.5
1 26 4 1 6439.23
1 27 1 1 2993.78
1 27 4 1 3558.81
1 28 1 1 1860.91
1 28 4 1 2193.22
1 29 1 1 3426.68
1 29 4 1 4000.13
1 30 1 1 3253.69
1 30 4 1 3901.71
1 31 1 1 2907.74
1 31 4 1 3421.3
1 32 1 1 3381.3
1 32 4 1 3981.72
1 33 1 1 2337.85
1 33 4 1 2774.08
1 34 1 1 2573.57
1 34 4 1 3019.74
1 35 1 1 2215.13
1 35 4 1 2608.8
1 36 1 1 1351.36
1 36 4 1 1610.26
1 37 1 1 2144.36
1 37 4 1 2529.35
1 38 1 1 1971.83
1 38 4 1 2340.43
1 39 1 1 2084.31
1 39 4 1 2449.96
1 40 1 1 1564
1 40 4 1 1870.71
1 41 1 1 1475.88
1 41 4 1 1737.31
1 42 1 1 938.626
1 42 4 1 1117.79
2 1 2 1 1385.2
2 1 3 1 474.364
2 2 2 1 336.236
2 2 3 1 615.199
2 3 2 1 1329.51
2 3 3 1 363.717
2 4 2 1 1150.77
2 4 3 1 303.275
2 5 2 1 3781.62
2 5 3 1 961.152
2 6 2 1 3891.64
2 6 3 1 1053.55
2 7 2 1 2703.28
2 7 3 1 718.279
2 8 2 1 3010.98
2 8 3 1 816.326
2 9 2 1 3358.95
2 9 3 1 883.462
2 10 2 1 2837.2
2 10 3 1 705.566
2 11 2 1 3696.53
2 11 3 1 944.438
2 12 2 1 1501.98
2 12 3 1 381.643
2 13 2 1 5526.33
2 13 3 1 1466.22
2 14 2 1 3016.86
2 14 3 1 791.87
2 15 2 1 2087.56
2 15 3 1 530.146
2 16 2 1 3092.72
2 16 3 1 796.097
2 17 2 1 11207.1
2 17 3 1 3024.27
2 18 2 1 344.763
2 18 3 1 94.5071
2 19 2 1 3645.86
2 19 3 1 905.27
2 20 2 1 4129.66
2 20 3 1 1075.03
2 21 2 1 5234.5
2 21 3 1 1381.54
2 22 2 1 11448.5
2 22 3 1 3116.17
2 23 2 1 6137.64
2 23 3 1 1598.07
2 24 2 1 4340.96
2 24 3 1 1144.06
2 25 2 1 5791.71
2 25 3 1 1595.87
2 26 2 1 10711.3
2 26 3 1 2703.48
2 27 2 1 11510.7
2 27 3 1 2791.71
2 28 2 1 4983.4
2 28 3 1 1239.31
2 29 2 1 7893.57
2 29 3 1 2069.81
2 30 2 1 8381.75
2 30 3 1 2074.05
2 31 2 1 7283.86
2 31 3 1 1868.24
2 32 2 1 6597.64
2 32 3 1 1697.66
2 33 2 1 2567.04
2 33 3 1 671.541
2 34 2 1 3058.16
2 34 3 1 822.308
2 35 2 1 3143.12
2 35 3 1 875.898
2 36 2 1 13001.7
2 36 3 1 3482.18
2 37 2 1 12869.6
2 37 3 1 3377.43
2 38 2 1 8401.1
2 38 3 1 2218.3
2 39 2 1 6098.07
2 39 3 1 1674.64
2 40 2 1 6505.17
2 40 3 1 1703.96
2 41 2 1 4810.26
2 41 3 1 1295.23
2 42 2 1 1259.5
2 42 3 1 335.444
full time series of survey length comp
survey year spp area catch-at-size
1 1 1 2  134417 125931 2882.03 332.847 0.00211114
1 1 2 2  0 0 0 0 4.39812e-261
1 1 3 2  532026 437866 9178.17 4598.34 9.02633e-016
1 1 4 2  17138.9 4275.68 28849.8 1623.06 5.45269e-015
1 2 1 2  1061.17 2085.13 624.688 14.6854 1.4417e-042
1 2 2 2  0 3.7576e-227 0 0 1.2464e-275
1 2 3 2  4297.99 4605.17 511.176 72.1635 2.26336e-017
1 2 4 2  31634.4 7915.87 256.012 13.6686 6.37032e-138
1 3 1 2  3866.59 3560.61 20.9025 1.26714 1.93838e-199
1 3 2 2  0 2.67337e-188 7.49531e-233 0 1.52412e-277
1 3 3 2  4615.69 3867.36 39.5364 3.85723 8.69288e-019
1 3 4 2  88017 22044.6 12.8171 0.00919692 0
1 4 1 2  6357.12 5907.39 52.6221 0.0515454 0
1 4 2 2  0 1.36733e-190 9.92319e-193 6.6304e-235 7.63396e-279
1 4 3 2  4256.5 3616.54 51.1085 0.561021 5.44159e-020
1 4 4 2  107076 27266.6 80.7853 0.000584931 0
1 5 1 2  5424.4 5109.76 79.912 0.0869527 0
1 5 2 2  0 6.24009e-184 1.78437e-194 6.7567e-195 3.0375e-280
1 5 3 2  4320.18 3652.11 44.2289 0.439525 3.38991e-021
1 5 4 2  85091.9 21788.5 81.7311 0.00125873 0
1 6 1 2  5416.83 5081.8 69.5638 0.147359 0
1 6 2 2  0 5.39618e-189 1.11432e-188 3.2457e-196 1.12861e-281
1 6 3 2  3600.46 3058.7 43.4019 0.367148 2.07796e-022
1 6 4 2  85278.3 21733.2 66.8917 0.00171629 0
1 7 1 2  5965.87 5595.05 75.8186 0.192333 0
1 7 2 2  0 6.3021e-194 1.57869e-190 8.10081e-191 4.78358e-283
1 7 3 2  3780.99 3193.93 37.6041 0.363435 1.28515e-023
1 7 4 2  102031 26004.7 80.3789 0.00411117 0
1 8 1 2  5103.98 4810.32 76.7006 0.152211 0
1 8 2 2  0 4.69224e-199 1.96864e-192 3.71563e-192 1.89109e-284
1 8 3 2  3240.5 2745.53 35.7272 0.304897 7.85851e-025
1 8 4 2  80369 20606.7 81.2212 0.00211712 0
1 9 1 2  5985.88 5603.25 70.7768 0.199898 0
1 9 2 2  0 3.45523e-197 2.71704e-194 1.42943e-193 7.58191e-286
1 9 3 2  3906.77 3289.58 33.8361 0.298062 4.83779e-026
1 9 4 2  102106 25980.7 74.1463 0.00427396 0
1 10 1 2  5816.29 5466.1 79.4777 0.152263 0
1 10 2 2  0 4.18058e-178 4.17272e-196 5.60788e-195 3.29622e-287
1 10 3 2  4673.43 3935.46 40.2404 0.285027 2.99917e-027
1 10 4 2  97955 25030.2 86.5144 0.00233891 0
1 11 1 2  5152.66 4838.43 68.2213 0.094285 0
1 11 2 2  0 9.80636e-183 1.53385e-182 1.94009e-196 1.30543e-288
1 11 3 2  4423.97 3745.98 47.3819 0.330645 1.84723e-028
1 11 4 2  76780.6 19594 64.0733 0.000562756 0
1 12 1 2  5718.38 5343.71 62.5712 0.087858 0
1 12 2 2  0 4.47144e-179 2.69935e-184 1.38351e-184 6.42625e-290
1 12 3 2  4873.32 4119.93 49.5867 0.407597 1.15715e-029
1 12 4 2  87304.2 22148.1 53.6738 0.000516902 0
1 13 1 2  4658.61 4369.56 58.9893 0.0383222 0
1 13 2 2  0 4.65236e-184 9.63713e-184 5.50352e-186 2.14786e-291
1 13 3 2  4009.77 3412.11 50.8781 0.417551 7.14595e-031
1 13 4 2  59567.6 15159.2 43.5569 6.01653e-005 0
1 14 1 2  5334.45 4970.19 50.7722 0.0429126 0
1 14 2 2  0 1.25681e-188 1.486e-185 7.83197e-186 9.3098e-293
1 14 3 2  4492.98 3800.33 46.9369 0.448703 4.48186e-032
1 14 4 2  71557.1 18078.5 33.0962 7.70227e-005 0
1 15 1 2  5870.93 5486.84 64.4063 0.0616938 0
1 15 2 2  0 7.18041e-178 2.58292e-187 4.63145e-187 4.46745e-294
1 15 3 2  4993.39 4224.33 52.0501 0.421568 2.83173e-033
1 15 4 2  88243.8 22353.2 49.4012 0.000227937 0
1 16 1 2  6010.77 5641.71 78.438 0.136793 0
1 16 2 2  0 2.94384e-182 2.82782e-182 1.89278e-188 1.90034e-295
1 16 3 2  4570.8 3880.35 53.8575 0.445258 1.76631e-034
1 16 4 2  100084 25484.7 75.3132 0.00150206 0
1 17 1 2  4933.28 4646.45 72.4806 0.112734 0
1 17 2 2  0 1.12056e-187 1.6062e-184 8.23693e-185 3.472e-297
1 17 3 2  3384.38 2880.42 43.5411 0.425324 1.05597e-035
1 17 4 2  73475.7 18806.6 69.4718 0.000816127 0
1 18 1 2  6380.7 5971.06 74.867 0.288682 0
1 18 2 2  0 1.17203e-192 2.77476e-186 5.13272e-186 1.82052e-298
1 18 3 2  3456.4 2922.91 35.9401 0.370316 6.56453e-037
1 18 4 2  115621 29400.7 81.3466 0.0112649 0
1 19 1 2  6028.89 5686.47 93.2222 0.269097 0
1 19 2 2  0 3.23239e-181 3.77257e-188 1.94253e-187 7.22493e-300
1 19 3 2  4377.44 3677.85 34.2075 0.297995 4.03356e-038
1 19 4 2  111582 28656.1 119.67 0.0100436 0
1 20 1 2  5354.37 5047.04 81.1556 0.235722 0
1 20 2 2  0 3.68896e-186 7.61821e-186 6.17861e-189 2.61297e-301
1 20 3 2  3809.38 3224.89 40.4033 0.270665 2.44318e-039
1 20 4 2  91292 23443.3 97.5605 0.00583341 0
1 21 1 2  6358.38 5966.4 83.1656 0.376297 0
1 21 2 2  0 3.53991e-191 8.39696e-188 4.32609e-188 8.65376e-303
1 21 3 2  3776.6 3191.55 37.9509 0.324236 1.48701e-040
1 21 4 2  121348 31000.1 106.448 0.0237382 0
1 22 1 2  5332.58 5053.68 95.1457 0.38062 0
1 22 2 2  0 8.14443e-197 4.05222e-190 7.89568e-190 1.40502e-304
1 22 3 2  2787.84 2363.97 31.708 0.283357 8.72288e-042
1 22 4 2  97568.8 25249.3 132.928 0.0251082 0
1 23 1 2  5758.13 5406.62 77.0179 0.331457 0
1 23 2 2  0 2.79453e-199 4.01972e-192 2.20742e-191 4.1701e-306
1 23 3 2  3633.95 3048.85 26.5381 0.249194 5.22542e-043
1 23 4 2  104298 26693.4 98.5296 0.0152237 0
1 24 1 2  5540.41 5213.79 79.5174 0.216936 0
1 24 2 2  0 2.34936e-200 4.74622e-194 6.97036e-193 1.48667e-307
1 24 3 2  3572.98 3016.42 34.0558 0.214321 3.17896e-044
1 24 4 2  94990 24358.7 96.5264 0.00638784 0
1 25 1 2  5609.66 5277.95 80.2774 0.283313 0
1 25 2 2  0 1.06653e-205 4.39797e-196 1.75905e-194 4.38186e-309
1 25 3 2  2997.13 2539.7 33.1457 0.264973 1.91765e-045
1 25 4 2  98129.8 25142.6 96.726 0.0116824 0
1 26 1 2  6268.15 5886.5 84.1635 0.31792 0
1 26 2 2  0 1.19197e-187 3.24311e-198 3.24201e-196 9.30074e-311
1 26 3 2  4124.18 3459.5 29.753 0.265471 1.15152e-046
1 26 4 2  117863 30134.8 106.899 0.0154797 0
1 27 1 2  6867.5 6473.42 105.284 0.571695 0
1 27 2 2  0 7.22404e-173 3.43328e-192 5.9842e-198 1.98508e-312
1 27 3 2  4723.92 3975.79 39.4592 0.238807 6.91828e-048
1 27 4 2  146829 37729.4 161.624 0.0715899 0
1 28 1 2  6175.26 5863.39 117.658 0.885021 0
1 28 2 2  0 1.03571e-177 2.13816e-177 1.87218e-194 6.62257e-314
1 28 3 2  4094.69 3459.96 40.6666 0.29373 4.13501e-049
1 28 4 2  136039 35361 210.998 0.191889 0
1 29 1 2  5327.45 5048.16 96.0652 0.697186 0
1 29 2 2  0 5.21887e-183 1.47648e-179 7.57704e-180 1.52916e-315
1 29 3 2  3204.5 2709.12 32.7083 0.286551 2.39164e-050
1 29 4 2  107017 27797.2 162.132 0.100109 0
1 30 1 2  6611.79 6204.69 87.6359 0.604826 0
1 30 2 2  0 2.99554e-181 1.32926e-181 2.36764e-181 3.95627e-317
1 30 3 2  4378.69 3671.34 30.7306 0.256529 1.42443e-051
1 30 4 2  139017 35639 141.342 0.0895601 0
1 31 1 2  5886.62 5582.44 107.618 0.592203 0
1 31 2 2  0 2.45606e-186 1.12809e-183 5.87838e-183 1.05884e-318
1 31 3 2  3606.96 3051.1 37.0813 0.232968 8.48132e-053
1 31 4 2  121254 31483.6 181.663 0.0939407 0
1 32 1 2  5879.78 5549.03 94.1887 0.653314 0
1 32 2 2  0 2.06551e-191 1.00093e-185 1.42043e-184 2.94414e-320
1 32 3 2  3630.7 3057.47 31.5986 0.273714 5.01111e-054
1 32 4 2  119839 30925.4 151.703 0.0912811 0
1 33 1 2  6124.22 5780.41 98.579 0.710011 0
1 33 2 2  0 2.15323e-196 1.28482e-187 4.87291e-186 1.18576e-321
1 33 3 2  3479.08 2934.18 32.0598 0.242841 3.00848e-055
1 33 4 2  128444 33162.6 165.696 0.135263 0
1 34 1 2  5528.9 5238.85 99.4914 0.699431 0
1 34 2 2  0 1.26551e-201 1.40925e-189 1.48103e-187 4.44659e-323
1 34 3 2  2905.98 2454.35 28.4818 0.234744 1.78259e-056
1 34 4 2  111987 29071.6 167.641 0.126233 0
1 35 1 2  5538.25 5230.52 91.2198 0.75296 0
1 35 2 2  0 4.53412e-207 1.46979e-191 4.32363e-189 0
1 35 3 2  2493.89 2104.63 23.7419 0.207772 1.0495e-057
1 35 4 2  111231 28764 150.78 0.152033 0
1 36 1 2  6126.04 5776.48 96.281 0.834595 0
1 36 2 2  0 1.05242e-212 6.41224e-194 5.03071e-191 0
1 36 3 2  2840.81 2383.93 20.8557 0.173735 6.04448e-059
1 36 4 2  130282 33618.3 166.948 0.225192 0
1 37 1 2  5683.45 5383.33 101.404 0.747498 0
1 37 2 2  0 2.58468e-209 2.87466e-196 6.03746e-193 0
1 37 3 2  2950.98 2478.5 22.4239 0.149229 3.47096e-060
1 37 4 2  118080 30654.4 177.442 0.161704 0
1 38 1 2  5939.92 5606.04 95.9414 0.816212 0
1 38 2 2  0 2.52791e-208 2.03873e-198 1.13274e-194 0
1 38 3 2  3100.76 2606.19 24.421 0.162319 2.02395e-061
1 38 4 2  125146 32336.7 166.238 0.189126 0
1 39 1 2  5425.91 5140.96 97.7421 0.747401 0
1 39 2 2  0 7.56011e-214 1.57096e-200 2.43742e-196 0
1 39 3 2  2526.86 2133.18 24.1873 0.173085 1.17928e-062
1 39 4 2  109896 28552.9 168.76 0.162784 0
1 40 1 2  6297.72 5928.9 94.2164 0.85805 0
1 40 2 2  0 2.23273e-205 1.40393e-202 5.6555e-198 0
1 40 3 2  3285.27 2752.61 22.1548 0.180005 6.94897e-064
1 40 4 2  135763 34963.6 163.738 0.2261 0
1 41 1 2  5546.36 5267.52 106.49 0.837052 0
1 41 2 2  0 9.88989e-211 1.27713e-204 1.42237e-199 0
1 41 3 2  2723.48 2298.12 25.461 0.159843 4.07761e-065
1 41 4 2  116378 30335.4 194.04 0.226645 0
1 42 1 2  6055.9 5713.82 97.9085 1.05686 0
1 42 2 2  0 2.66369e-211 1.75082e-206 5.20121e-201 0
1 42 3 2  3056.35 2565.92 22.9339 0.185175 2.41526e-066
1 42 4 2  132725 34302.9 180.39 0.359196 0
2 1 1 2  81.7043 22927.1 29329.8 4133.95 0.0262393
2 1 2 2  0 0 0 0 1.84212e-261
2 1 3 2  22204.7 194619 43407.3 229325 4.33657e-013
2 1 4 2  0.925003 83.7577 25414 1622.47 5.45269e-015
2 2 1 2  0.645027 379.622 6357.32 182.392 1.79189e-041
2 2 2 2  0 1.39212e-229 0 0 5.22046e-276
2 2 3 2  179.381 2046.87 2417.56 3598.89 1.0874e-014
2 2 4 2  1.70735 155.067 225.523 13.6636 6.37032e-138
2 3 1 2  2.35028 648.25 212.72 15.7378 2.40921e-198
2 3 2 2  0 9.90431e-191 1.34406e-234 0 6.38365e-278
2 3 3 2  192.641 1718.93 186.983 192.365 4.17637e-016
2 3 4 2  4.75038 431.839 11.2907 0.00919357 0
2 4 1 2  3.86414 1075.51 535.524 0.640191 0
2 4 2 2  0 5.06569e-193 1.77943e-194 5.75229e-236 3.19742e-279
2 4 3 2  177.65 1607.45 241.713 27.9788 2.61433e-017
2 4 4 2  5.77903 534.135 71.1643 0.000584718 0
2 5 1 2  3.29719 930.289 813.248 1.07995 0
2 5 2 2  0 2.31183e-186 3.19973e-196 5.86187e-196 1.27223e-280
2 5 3 2  180.307 1623.26 209.176 21.9197 1.62863e-018
2 5 4 2  4.59251 426.823 71.9974 0.00125827 0
2 6 1 2  3.29259 925.199 707.936 1.83019 0
2 6 2 2  0 1.99917e-191 1.9982e-190 2.81585e-197 4.72708e-282
2 6 3 2  150.269 1359.51 205.265 18.3101 9.98328e-020
2 6 4 2  4.60256 425.738 58.9253 0.00171567 0
2 7 1 2  3.62632 1018.64 771.59 2.38877 0
2 7 2 2  0 2.3348e-196 2.8309e-192 7.02797e-192 2.00356e-283
2 7 3 2  157.804 1419.61 177.845 18.125 6.17434e-021
2 7 4 2  5.50672 509.414 70.8063 0.00410967 0
2 8 1 2  3.10242 875.773 780.567 1.89046 0
2 8 2 2  0 1.73838e-201 3.53016e-194 3.22354e-193 7.92068e-285
2 8 3 2  135.246 1220.31 168.968 15.2056 3.77551e-022
2 8 4 2  4.33761 403.671 71.5483 0.00211635 0
2 9 1 2  3.63848 1020.13 720.281 2.48272 0
2 9 2 2  0 1.28009e-199 4.8722e-196 1.24012e-194 3.17562e-286
2 9 3 2  163.053 1462.12 160.025 14.8648 2.32425e-023
2 9 4 2  5.51078 508.945 65.316 0.0042724 0
2 10 1 2  3.5354 995.165 808.828 1.8911 0
2 10 2 2  0 1.54882e-180 7.48252e-198 4.8652e-196 1.38059e-287
2 10 3 2  195.051 1749.2 190.313 14.2147 1.44091e-024
2 10 4 2  5.28674 490.325 76.2111 0.00233806 0
2 11 1 2  3.13202 880.891 694.274 1.17102 0
2 11 2 2  0 3.63306e-185 2.7505e-184 1.68315e-197 5.46766e-289
2 11 3 2  184.639 1664.98 224.088 16.4897 8.87476e-026
2 11 4 2  4.14393 383.834 56.4426 0.000562551 0
2 12 1 2  3.47588 972.883 636.774 1.09119 0
2 12 2 2  0 1.65658e-181 4.84048e-186 1.20028e-185 2.69158e-290
2 12 3 2  203.393 1831.19 234.516 20.3274 5.55934e-027
2 12 4 2  4.7119 433.866 47.2816 0.000516714 0
2 13 1 2  2.83171 795.528 600.322 0.47596 0
2 13 2 2  0 1.7236e-186 1.72813e-185 4.77465e-187 8.99611e-292
2 13 3 2  167.352 1516.59 240.623 20.8238 3.43317e-028
2 13 4 2  3.21493 296.959 38.3695 6.01434e-005 0
2 14 1 2  3.24252 904.88 516.698 0.532973 0
2 14 2 2  0 4.65622e-191 2.66469e-187 6.79474e-187 3.89933e-293
2 14 3 2  187.519 1689.14 221.984 22.3774 2.15325e-029
2 14 4 2  3.86202 354.146 29.1547 7.69946e-005 0
2 15 1 2  3.56861 998.941 655.45 0.766235 0
2 15 2 2  0 2.6602e-180 4.63168e-189 4.01808e-188 1.87115e-294
2 15 3 2  208.405 1877.6 246.166 21.0242 1.36046e-030
2 15 4 2  4.76262 437.885 43.5179 0.000227854 0
2 16 1 2  3.65361 1027.14 798.247 1.69897 0
2 16 2 2  0 1.09063e-184 5.07085e-184 1.64211e-189 7.95941e-296
2 16 3 2  190.767 1724.71 254.714 22.2056 8.486e-032
2 16 4 2  5.40167 499.228 66.3439 0.00150151 0
2 17 1 2  2.99867 845.939 737.62 1.40015 0
2 17 2 2  0 4.15146e-190 2.88024e-186 7.14606e-186 1.45422e-297
2 17 3 2  141.251 1280.27 205.924 21.2115 5.07326e-033
2 17 4 2  3.96557 368.408 61.1981 0.00081583 0
2 18 1 2  3.87847 1087.1 761.906 3.58542 0
2 18 2 2  0 4.34213e-195 4.97571e-188 4.45296e-187 7.62509e-299
2 18 3 2  144.257 1299.15 169.975 18.4682 3.15383e-034
2 18 4 2  6.24018 575.941 71.6588 0.0112608 0
2 19 1 2  3.66463 1035.29 948.703 3.34217 0
2 19 2 2  0 1.19754e-183 6.76497e-190 1.68527e-188 3.0261e-300
2 19 3 2  182.697 1634.7 161.781 14.8614 1.93786e-035
2 19 4 2  6.0222 561.355 105.418 0.01004 0
2 20 1 2  3.25463 918.871 825.904 2.92766 0
2 20 2 2  0 1.36669e-188 1.3661e-187 5.36034e-190 1.09442e-301
2 20 3 2  158.989 1433.37 191.083 13.4984 1.17379e-036
2 20 4 2  4.92713 459.238 85.9417 0.00583128 0
2 21 1 2  3.8649 1086.25 846.359 4.6736 0
2 21 2 2  0 1.31146e-193 1.50574e-189 3.75316e-189 3.62455e-303
2 21 3 2  157.62 1418.55 179.485 16.1701 7.14411e-038
2 21 4 2  6.54928 607.271 93.771 0.0237295 0
2 22 1 2  3.24138 920.08 968.278 4.72729 0
2 22 2 2  0 3.01735e-199 7.26643e-192 6.85e-191 5.88481e-305
2 22 3 2  116.354 1050.72 149.96 14.1314 4.19078e-039
2 22 4 2  5.2659 494.617 117.097 0.025099 0
2 23 1 2  3.50004 984.335 783.795 4.11668 0
2 23 2 2  0 1.03532e-201 7.20817e-194 1.91508e-192 1.74661e-306
2 23 3 2  151.667 1355.13 125.51 12.4276 2.51048e-040
2 23 4 2  5.62909 522.906 86.7953 0.0152182 0
2 24 1 2  3.36771 949.229 809.232 2.69434 0
2 24 2 2  0 8.70392e-203 8.51092e-196 6.04723e-194 6.2268e-308
2 24 3 2  149.122 1340.71 161.064 10.6885 1.52729e-041
2 24 4 2  5.12672 477.17 85.0307 0.00638552 0
2 25 1 2  3.4098 960.91 816.967 3.51874 0
2 25 2 2  0 3.95128e-208 7.88644e-198 1.52609e-195 1.83531e-309
2 25 3 2  125.089 1128.82 156.76 13.2146 9.21309e-043
2 25 4 2  5.29617 492.527 85.2066 0.0116781 0
2 26 1 2  3.81006 1071.7 856.514 3.94855 0
2 26 2 2  0 4.41601e-190 5.81554e-200 2.81265e-197 3.89554e-311
2 26 3 2  172.127 1537.65 140.714 13.2394 5.53233e-044
2 26 4 2  6.3612 590.322 94.1678 0.0154741 0
2 27 1 2  4.17437 1178.56 1071.46 7.10042 0
2 27 2 2  0 2.67636e-175 6.15657e-194 5.19167e-199 8.31435e-313
2 27 3 2  197.158 1767.12 186.619 11.9096 3.32379e-045
2 27 4 2  7.92455 739.094 142.376 0.0715638 0
2 28 1 2  3.7536 1067.5 1197.38 10.9919 0
2 28 2 2  0 3.83711e-180 3.83415e-179 1.62424e-195 2.77381e-314
2 28 3 2  170.896 1537.85 192.329 14.6487 1.98661e-046
2 28 4 2  7.3422 692.698 185.87 0.191819 0
2 29 1 2  3.23826 919.074 977.636 8.65902 0
2 29 2 2  0 1.93348e-185 2.64762e-181 6.57357e-181 6.40476e-316
2 29 3 2  133.743 1204.13 154.691 14.2907 1.14903e-047
2 29 4 2  5.77584 544.529 142.823 0.100073 0
2 30 1 2  4.01894 1129.63 891.852 7.51192 0
2 30 2 2  0 1.10979e-183 2.38362e-183 2.05408e-182 1.65705e-317
2 30 3 2  182.749 1631.81 145.337 12.7934 6.84345e-049
2 30 4 2  7.50291 698.145 124.509 0.0895275 0
2 31 1 2  3.57815 1016.35 1095.2 7.35513 0
2 31 2 2  0 9.0992e-189 2.02288e-185 5.09987e-184 4.43483e-319
2 31 3 2  150.54 1356.13 175.373 11.6184 4.07473e-050
2 31 4 2  6.54421 616.743 160.028 0.0939065 0
2 32 1 2  3.57399 1010.26 958.539 8.11413 0
2 32 2 2  0 7.65232e-194 1.79486e-187 1.23232e-185 1.23319e-320
2 32 3 2  151.531 1358.96 149.443 13.6505 2.40752e-051
2 32 4 2  6.46784 605.809 133.636 0.0912479 0
2 33 1 2  3.72257 1052.39 1003.22 8.8183 0
2 33 2 2  0 7.97728e-199 2.30394e-189 4.22756e-187 4.94066e-322
2 33 3 2  145.203 1304.16 151.624 12.1108 1.44538e-052
2 33 4 2  6.93228 649.634 145.962 0.135214 0
2 34 1 2  3.36071 953.791 1012.5 8.68691 0
2 34 2 2  0 4.68847e-204 2.52706e-191 1.28489e-188 1.97626e-323
2 34 3 2  121.284 1090.89 134.702 11.707 8.56417e-054
2 34 4 2  6.04408 569.492 147.676 0.126187 0
2 35 1 2  3.3664 952.275 928.325 9.35173 0
2 35 2 2  0 1.6798e-209 2.63563e-193 3.75103e-190 0
2 35 3 2  104.085 935.447 112.285 10.3619 5.04217e-055
2 35 4 2  6.00327 563.468 132.823 0.151978 0
2 36 1 2  3.72368 1051.67 979.832 10.3656 0
2 36 2 2  0 3.89899e-215 1.14984e-195 4.36446e-192 0
2 36 3 2  118.564 1059.59 98.6348 8.6644 2.90398e-056
2 36 4 2  7.03146 658.56 147.065 0.22511 0
2 37 1 2  3.45465 980.095 1031.97 9.28389 0
2 37 2 2  0 9.57574e-212 5.15483e-198 5.23788e-194 0
2 37 3 2  123.162 1101.62 106.052 7.44225 1.66757e-057
2 37 4 2  6.37293 600.499 156.31 0.161646 0
2 38 1 2  3.61055 1020.64 976.376 10.1373 0
2 38 2 2  0 9.36541e-211 3.65585e-200 9.82727e-196 0
2 38 3 2  129.414 1158.38 115.497 8.09507 9.72378e-059
2 38 4 2  6.75426 633.454 146.44 0.189057 0
2 39 1 2  3.29811 935.969 994.701 9.28269 0
2 39 2 2  0 2.80087e-216 2.81705e-202 2.11461e-197 0
2 39 3 2  105.461 948.14 114.392 8.63198 5.66568e-060
2 39 4 2  5.93121 559.333 148.662 0.162724 0
2 40 1 2  3.82803 1079.42 958.821 10.6569 0
2 40 2 2  0 8.27181e-208 2.51752e-204 4.9065e-199 0
2 40 3 2  137.114 1223.46 104.779 8.97709 3.33853e-061
2 40 4 2  7.32729 684.913 144.237 0.226018 0
2 41 1 2  3.37132 959.011 1083.73 10.3961 0
2 41 2 2  0 3.66401e-213 2.29015e-206 1.234e-200 0
2 41 3 2  113.667 1021.45 120.415 7.97159 1.95903e-062
2 41 4 2  6.28107 594.25 170.931 0.226563 0
2 42 1 2  3.68105 1040.27 996.394 13.1261 0
2 42 2 2  0 9.86842e-214 3.13958e-208 4.51238e-202 0
2 42 3 2  127.56 1140.48 108.464 9.2349 1.16038e-063
2 42 4 2  7.1633 671.971 158.907 0.359065 0
full time series of fishery length comp
fleet year spp area catch-at-size
1 1 1 1  22936 355.413 544.543 285.519 346.845
1 1 2 1  4.0491e-016 3.94259e-032 1.17619e-083 2.01831e-154 1.47314e-008
1 1 3 1  6.40946e-006 1.20336e-016 3.09765e-008 8.42505e-009 2.90434e-027
1 1 4 1  387.751 4.46501e-034 2443.22 271.225 0.0386788
1 2 1 1  11261.3 3567.62 477.465 369.078 0.00344062
1 2 2 1  3.64188e-007 0 0 0 1.16799e-275
1 2 3 1  1.30726e-006 3.36655e-007 8.05762e-009 5.08868e-009 1.35638e-027
1 2 4 1  32619.6 17.8389 804.297 184.329 7.303e-016
1 3 1 1  48378.2 272.367 344.436 22.004 2.40643e-042
1 3 2 1  1.78867e-006 1.00486e-240 0 0 1.02014e-288
1 3 3 1  3.96963e-006 2.09743e-008 2.43435e-009 3.91634e-010 1.55614e-028
1 3 4 1  163406 155.298 19.046 1.77175 8.59996e-139
1 4 1 1  58281.1 589.948 12.7966 1.9197 3.23742e-199
1 4 2 1  1.88313e-006 9.88388e-202 7.37094e-246 0 1.87942e-290
1 4 3 1  4.16237e-006 2.22888e-008 2.5416e-010 2.70641e-011 7.29932e-030
1 4 4 1  182382 559.046 1.04996 0.00119914 0
1 5 1 1  70528.3 1197.1 37.1213 0.079698 0
1 5 2 1  2.44109e-006 6.28305e-204 1.14786e-205 8.93194e-248 1.10715e-291
1 5 3 1  5.22901e-006 2.54645e-008 4.06449e-010 4.90991e-012 5.71695e-031
1 5 4 1  217845 824.341 7.19605 7.68379e-005 0
1 6 1 1  66255 975.104 54.2581 0.133756 0
1 6 2 1  2.08636e-006 2.53187e-197 1.90081e-207 8.40919e-208 4.07118e-293
1 6 3 1  4.75275e-006 2.40691e-008 3.28394e-010 3.59585e-012 3.33623e-032
1 6 4 1  204766 623.584 7.11363 0.000165034 0
1 7 1 1  53392.5 782.172 40.5346 0.22156 0
1 7 2 1  1.6735e-006 1.77392e-202 9.69852e-202 3.29752e-209 1.23351e-294
1 7 3 1  3.77384e-006 1.59799e-008 2.55052e-010 2.37318e-012 1.6139e-033
1 7 4 1  167482 512.68 5.30987 0.000223148 0
1 8 1 1  62357.2 1020.5 49.9759 0.294632 0
1 8 2 1  1.93452e-006 2.40488e-207 1.61611e-203 9.74957e-204 6.21759e-296
1 8 3 1  4.44315e-006 1.97573e-008 2.64626e-010 2.8296e-012 1.20557e-034
1 8 4 1  193172 712.89 6.87195 0.000538197 0
1 9 1 1  55469.1 765.771 45.8175 0.229756 0
1 9 2 1  1.75726e-006 1.61454e-212 1.76884e-205 3.87172e-205 2.11456e-297
1 9 3 1  3.94299e-006 1.49261e-008 2.17796e-010 2.04358e-012 6.33038e-036
1 9 4 1  173903 501.362 6.5462 0.00027566 0
1 10 1 1  62103.5 995.357 45.6748 0.305249 0
1 10 2 1  2.1806e-006 1.43019e-210 2.81982e-207 1.71423e-206 9.757e-299
1 10 3 1  4.59894e-006 2.01468e-008 2.32737e-010 2.25493e-012 4.39662e-037
1 10 4 1  194379 698.155 6.26518 0.000558876 0
1 11 1 1  80841.9 1258.83 61.0259 0.238084 0
1 11 2 1  2.84404e-006 2.24682e-191 5.63564e-209 8.77899e-208 5.54583e-300
1 11 3 1  6.10384e-006 3.21824e-008 3.6978e-010 2.88357e-012 3.64779e-038
1 11 4 1  247491 846.463 8.08147 0.000308488 0
1 12 1 1  80082.2 1087.75 51.461 0.147082 0
1 12 2 1  2.81292e-006 5.31478e-196 2.13321e-195 3.12467e-209 2.25457e-301
1 12 3 1  6.01531e-006 3.03312e-008 4.26803e-010 3.26013e-012 2.1835e-039
1 12 4 1  245422 651.155 5.93003 7.41628e-005 0
1 13 1 1  101432 1532.92 54.8048 0.139564 0
1 13 2 1  3.4699e-006 2.9291e-192 4.47295e-197 2.663e-197 1.32876e-302
1 13 3 1  7.69802e-006 4.35205e-008 5.88478e-010 5.31298e-012 1.81029e-040
1 13 4 1  301929 906.119 5.38881 6.8565e-005 0
1 14 1 1  98689.3 1198.62 50.2394 0.0606757 0
1 14 2 1  3.3499e-006 3.02828e-197 1.62792e-196 1.07552e-198 4.49202e-304
1 14 3 1  7.42299e-006 3.49517e-008 5.77668e-010 5.17388e-012 1.05991e-041
1 14 4 1  294971 599.333 4.31029 7.97142e-006 0
1 15 1 1  82894.3 1150.03 38.939 0.0670788 0
1 15 2 1  2.91079e-006 7.02091e-202 2.11935e-198 1.29041e-198 1.64138e-305
1 15 3 1  6.21501e-006 3.19449e-008 4.37947e-010 4.56939e-012 5.46062e-043
1 15 4 1  252795 617.355 3.0935 1.01581e-005 0
1 16 1 1  63191.9 986.257 41.8462 0.0942943 0
1 16 2 1  2.15044e-006 2.92653e-191 2.67127e-200 5.56604e-200 5.76942e-307
1 16 3 1  4.6261e-006 2.63616e-008 3.63589e-010 3.23029e-012 2.6027e-044
1 16 4 1  196926 608.185 4.19329 2.98163e-005 0
1 17 1 1  73366 1199.98 57.3008 0.212531 0
1 17 2 1  2.34928e-006 1.25366e-195 2.8949e-195 2.23971e-201 2.41691e-308
1 17 3 1  5.31556e-006 2.84369e-008 4.47476e-010 4.08719e-012 1.95225e-045
1 17 4 1  224866 801.877 6.83733 0.000197652 0
1 18 1 1  40899.5 549.925 34.6217 0.163822 0
1 18 2 1  1.20032e-006 2.74779e-201 1.10626e-197 6.68081e-198 3.03538e-310
1 18 3 1  2.79705e-006 1.13817e-008 1.93277e-010 2.0757e-012 6.19296e-047
1 18 4 1  129675 348.057 4.84891 0.000104766 0
1 19 1 1  44085.4 764.841 38.07 0.424289 0
1 19 2 1  1.5082e-006 3.33426e-206 1.96676e-199 4.21348e-199 1.60716e-311
1 19 3 1  3.19149e-006 1.24121e-008 1.72499e-010 1.96158e-012 4.18407e-048
1 19 4 1  140777 584.267 5.91634 0.00145226 0
1 20 1 1  54881 911.206 56.154 0.406774 0
1 20 2 1  1.81646e-006 1.11772e-194 3.31641e-201 1.98925e-200 7.97835e-313
1 20 3 1  3.98646e-006 1.97494e-008 2.08368e-010 2.01048e-012 3.28258e-049
1 20 4 1  172756 697.99 9.68354 0.00130837 0
1 21 1 1  35227.4 517.391 34.6389 0.335184 0
1 21 2 1  1.09602e-006 7.72838e-200 4.06219e-199 3.82205e-202 1.73727e-314
1 21 3 1  2.45099e-006 1.0833e-008 1.52888e-010 1.1292e-012 1.22671e-050
1 21 4 1  113085 378.385 6.30086 0.000742639 0
1 22 1 1  33999 610.082 35.595 0.535493 0
1 22 2 1  1.01049e-006 6.56231e-205 3.78439e-201 2.26023e-201 4.87013e-316
1 22 3 1  2.33046e-006 1.03154e-008 1.40974e-010 1.34056e-012 7.43047e-052
1 22 4 1  108691 495.943 6.87692 0.00302274 0
1 23 1 1  44287.9 653.375 48.8865 0.560563 0
1 23 2 1  1.40167e-006 2.17695e-210 2.71919e-203 6.12047e-203 1.17021e-317
1 23 3 1  3.13257e-006 1.00945e-008 1.52964e-010 1.51238e-012 5.61681e-053
1 23 4 1  140968 505.035 9.72036 0.00323916 0
1 24 1 1  51598.7 815.033 44.3191 0.497427 0
1 24 2 1  1.63881e-006 8.86568e-213 3.29765e-205 2.106e-204 4.2797e-319
1 24 3 1  3.672e-006 1.53494e-008 1.51484e-010 1.57242e-012 3.97219e-054
1 24 4 1  162439 615.741 7.75314 0.00197791 0
1 25 1 1  43387.2 666.849 40.4779 0.318942 0
1 25 2 1  1.2738e-006 5.83181e-214 3.09194e-207 5.30292e-206 1.21837e-320
1 25 3 1  2.98036e-006 1.26467e-008 1.62329e-010 1.13056e-012 2.02158e-055
1 25 4 1  137081 482.419 7.01932 0.000823575 0
1 26 1 1  40868.9 624.515 38.3921 0.411823 0
1 26 2 1  1.3411e-006 2.5868e-219 2.4996e-209 1.14011e-207 3.0138e-322
1 26 3 1  2.8993e-006 9.91232e-009 1.45511e-010 1.28187e-012 1.11614e-056
1 26 4 1  130822 464.413 6.75331 0.00149979 0
1 27 1 1  21801.9 373.875 23.9846 0.410791 0
1 27 2 1  7.55334e-007 1.56981e-201 9.63695e-212 1.09552e-209 4.94066e-324
1 27 3 1  1.55188e-006 7.01247e-009 6.79367e-011 6.68759e-013 3.49113e-058
1 27 4 1  71743.9 307.874 5.11778 0.0018976 0
1 28 1 1  13121.9 254.378 19.6167 0.645478 0
1 28 2 1  4.45798e-007 5.89059e-187 6.79514e-206 1.37911e-211 0
1 28 3 1  9.32253e-007 4.82757e-009 5.47647e-011 3.69059e-013 1.29317e-059
1 28 4 1  43626.1 240.169 5.4479 0.0082881 0
1 29 1 1  24412.3 432.272 38.588 1.18722 0
1 29 2 1  7.74793e-007 1.47697e-191 7.44204e-191 7.59112e-208 0
1 29 3 1  1.71789e-006 7.93396e-009 1.07061e-010 8.65099e-013 1.47837e-060
1 29 4 1  79764.3 412.734 11.2015 0.0238723 0
1 30 1 1  24004.3 353.333 29.8813 0.922351 0
1 30 2 1  8.03828e-007 7.62376e-197 5.07914e-193 2.98006e-193 0
1 30 3 1  1.70106e-006 6.08462e-009 8.26297e-011 7.99974e-013 8.05224e-062
1 30 4 1  78804 311.363 8.29383 0.0123878 0
1 31 1 1  20844.2 387.884 24.7641 0.779999 0
1 31 2 1  6.75934e-007 3.72079e-195 4.02213e-195 8.31868e-195 0
1 31 3 1  1.46288e-006 7.15604e-009 6.86123e-011 6.37292e-013 4.2768e-063
1 31 4 1  68305 356.472 6.70793 0.0109686 0
1 32 1 1  24450.7 406.101 34.7444 0.791068 0
1 32 2 1  7.85787e-007 3.5924e-200 4.05299e-197 2.44946e-196 0
1 32 3 1  1.71974e-006 7.00671e-009 9.69531e-011 6.77624e-013 2.98487e-064
1 32 4 1  79919.9 364.28 9.5466 0.0116686 0
1 33 1 1  16951.3 281.023 22.093 0.79768 0
1 33 2 1  5.26424e-007 2.11665e-205 2.68315e-199 4.46209e-198 0
1 33 3 1  1.17094e-006 4.84332e-009 5.70716e-011 5.49463e-013 1.21612e-065
1 33 4 1  55712.1 252.416 6.19826 0.0109286 0
1 34 1 1  18475.7 324.194 25.4172 0.89242 0
1 34 2 1  5.5272e-007 2.33577e-210 3.71059e-201 1.66128e-199 0
1 34 3 1  1.26511e-006 5.08507e-009 6.39449e-011 5.41081e-013 8.12506e-067
1 34 4 1  60397.1 297.772 7.29906 0.0163897 0
1 35 1 1  16078.4 256.295 22.725 0.847197 0
1 35 2 1  4.48869e-007 1.14358e-215 3.50383e-203 4.3554e-201 0
1 35 3 1  1.07126e-006 3.69807e-009 4.93481e-011 4.54342e-013 4.18431e-068
1 35 4 1  52443.9 228.579 6.68882 0.0150599 0
1 36 1 1  9826.97 154.913 13.0824 0.766196 0
1 36 2 1  2.8328e-007 2.35346e-221 1.81744e-205 6.12606e-203 0
1 36 3 1  6.53664e-007 1.90369e-009 2.45291e-011 2.3881e-013 1.45954e-069
1 36 4 1  32395.6 138.794 4.04536 0.016795 0
1 37 1 1  15382.1 269.301 21.03 0.996221 0
1 37 2 1  4.65281e-007 8.85647e-227 1.26959e-207 1.14297e-204 0
1 37 3 1  1.04868e-006 3.39718e-009 3.41313e-011 3.17343e-013 1.3378e-070
1 37 4 1  50546.4 252.352 6.42327 0.0267009 0
1 38 1 1  14261.7 231.02 20.5295 0.869635 0
1 38 2 1  4.29018e-007 2.08481e-223 5.72983e-210 1.39101e-206 0
1 38 3 1  9.71417e-007 3.28018e-009 3.39112e-011 2.51433e-013 7.08258e-072
1 38 4 1  46958.7 212.514 6.4087 0.0189633 0
1 39 1 1  14987.2 257.027 20.6745 0.970075 0
1 39 2 1  4.28092e-007 2.10512e-222 4.44096e-212 2.89451e-208 0
1 39 3 1  1.00532e-006 3.64524e-009 3.94219e-011 2.93112e-013 4.43399e-073
1 39 4 1  49014.7 238.461 6.32036 0.0223819 0
1 40 1 1  11391.2 175.008 15.9589 0.802544 0
1 40 2 1  3.42544e-007 4.95296e-228 2.59134e-214 4.65152e-210 0
1 40 3 1  7.73073e-007 2.24916e-009 2.90049e-011 2.3066e-013 1.90101e-074
1 40 4 1  37651.4 158.095 5.07385 0.0184283 0
1 41 1 1  10504.1 190.94 14.6613 0.90387 0
1 41 2 1  3.08788e-007 1.34084e-219 2.20854e-216 1.04565e-211 0
1 41 3 1  7.10004e-007 2.68377e-009 2.49634e-011 2.2697e-013 1.06285e-075
1 41 4 1  34615.7 182.468 4.71461 0.0253728 0
1 42 1 1  6744.51 107.39 10.7487 0.720511 0
1 42 2 1  1.99236e-007 3.95646e-225 1.38802e-218 1.82032e-213 0
1 42 3 1  4.56027e-007 1.43353e-009 1.81633e-011 1.27219e-013 3.93491e-077
1 42 4 1  22400.8 101.08 3.78726 0.0231044 0
2 1 1 1  6.33624e-012 8.75756e-014 2.69463e-014 9.15644e-016 7.20864e-017
2 1 2 1  9.12637e-005 8.78343e-021 2.58006e-072 4.33259e-143 3061.69
2 1 3 1  57596 1.05976e-006 264.001 67.4421 1.96452e-017
2 1 4 1  5.10394e-014 5.17579e-050 4.55428e-014 2.9815e-016 2.50741e-021
2 2 1 1  6.03343e-012 1.70487e-012 4.58216e-014 2.29547e-015 1.38681e-021
2 2 2 1  159194 0 0 0 4.7078e-264
2 2 3 1  22782.2 5749.87 133.181 78.9997 1.77931e-017
2 2 4 1  8.32707e-012 4.01036e-015 2.9076e-014 3.92971e-016 9.18154e-035
2 3 1 1  2.08674e-011 1.04787e-013 2.66121e-014 1.10179e-016 7.80902e-061
2 3 2 1  629469 3.49537e-229 0 0 3.31042e-277
2 3 3 1  55696.2 288.405 32.3937 4.89489 1.64347e-018
2 3 4 1  3.35833e-011 2.81076e-014 5.54326e-016 3.04096e-018 8.70468e-158
2 4 1 1  2.06678e-011 1.86602e-013 8.12851e-016 7.90274e-018 8.63712e-218
2 4 2 1  544842 2.82658e-190 2.07552e-234 0 5.01409e-279
2 4 3 1  48013.4 251.97 2.78055 0.278102 6.33785e-020
2 4 4 1  3.08166e-011 8.31865e-014 2.51236e-017 1.69209e-021 0
2 5 1 1  6.34038e-011 9.5988e-013 5.9776e-015 8.3172e-019 0
2 5 2 1  1.79044e+006 4.55502e-192 8.19373e-194 6.23939e-236 7.48793e-280
2 5 3 1  152907 729.765 11.2724 0.1279 1.25837e-020
2 5 4 1  9.33117e-011 3.10955e-013 4.36504e-016 2.74863e-022 0
2 6 1 1  7.17165e-011 9.41428e-013 1.052e-014 1.6807e-018 0
2 6 2 1  1.84253e+006 2.21009e-185 1.63372e-195 7.07292e-196 3.31531e-281
2 6 3 1  167341 830.531 10.9661 0.112784 8.84199e-022
2 6 4 1  1.05608e-010 2.83227e-013 5.19557e-016 7.10825e-022 0
2 7 1 1  5.00498e-011 6.53974e-013 6.80613e-015 2.41097e-018 0
2 7 2 1  1.27989e+006 1.34098e-190 7.21884e-190 2.4019e-197 8.69899e-283
2 7 3 1  115070 477.522 7.37582 0.064461 3.70418e-023
2 7 4 1  7.48044e-011 2.01655e-013 3.35853e-016 8.32349e-022 0
2 8 1 1  5.6322e-011 8.2213e-013 8.08544e-015 3.08922e-018 0
2 8 2 1  1.42557e+006 1.75167e-195 1.15905e-191 6.8426e-192 4.22491e-284
2 8 3 1  130538 568.873 7.37365 0.0740559 2.6661e-024
2 8 4 1  8.31329e-011 2.7018e-013 4.18806e-016 1.93429e-021 0
2 9 1 1  6.15283e-011 7.57632e-013 9.10346e-015 2.95847e-018 0
2 9 2 1  1.59032e+006 1.44424e-200 1.55794e-193 3.33712e-193 1.76461e-285
2 9 3 1  142267 527.796 7.45301 0.0656841 1.71928e-025
2 9 4 1  9.1911e-011 2.33354e-013 4.89954e-016 1.21671e-021 0
2 10 1 1  4.68906e-011 6.70323e-013 6.17728e-015 2.67548e-018 0
2 10 2 1  1.34329e+006 8.70828e-199 1.69056e-195 1.00573e-194 5.54229e-287
2 10 3 1  112949 484.922 5.42118 0.0493341 8.12797e-027
2 10 4 1  6.9929e-011 2.21188e-013 3.19187e-016 1.67909e-021 0
2 11 1 1  6.09751e-011 8.4687e-013 8.24482e-015 2.0846e-018 0
2 11 2 1  1.75016e+006 1.36663e-179 3.37519e-197 5.14523e-196 3.14692e-288
2 11 3 1  149753 773.802 8.60434 0.0630217 6.73656e-028
2 11 4 1  8.89433e-011 2.67894e-013 4.1129e-016 9.25857e-022 0
2 12 1 1  2.48142e-011 3.00626e-013 2.85623e-015 5.29053e-019 0
2 12 2 1  711125 1.32806e-184 5.24851e-184 7.52337e-198 5.25571e-290
2 12 3 1  60628.6 299.605 4.07989 0.0292714 1.65657e-029
2 12 4 1  3.62339e-011 8.46618e-014 1.23983e-016 9.14405e-023 0
2 13 1 1  9.37462e-011 1.26367e-012 9.07292e-015 1.49736e-018 0
2 13 2 1  2.61649e+006 2.18313e-180 3.28254e-185 1.91246e-185 9.23903e-291
2 13 3 1  231426 1282.23 16.779 0.142285 4.09655e-030
2 13 4 1  1.3296e-010 3.514e-013 3.36056e-016 2.52156e-022 0
2 14 1 1  5.15763e-011 5.58726e-013 4.70301e-015 3.68106e-019 0
2 14 2 1  1.42836e+006 1.27627e-185 6.75543e-185 4.3676e-187 1.76614e-292
2 14 3 1  126187 582.296 9.31358 0.0783504 1.35626e-031
2 14 4 1  7.34509e-011 1.31428e-013 1.51995e-016 1.6577e-023 0
2 15 1 1  3.44993e-011 4.26903e-013 2.90283e-015 3.24077e-019 0
2 15 2 1  988374 2.35639e-190 7.00369e-187 4.17308e-187 5.13922e-294
2 15 3 1  84136.2 423.822 5.62295 0.0551046 5.56442e-033
2 15 4 1  5.01293e-011 1.0781e-013 8.68715e-017 1.68224e-023 0
2 16 1 1  5.27391e-011 7.3417e-013 6.25573e-015 9.13553e-019 0
2 16 2 1  1.46427e+006 1.96966e-179 1.77022e-188 3.60962e-188 3.62249e-295
2 16 3 1  125586 701.355 9.36136 0.078119 5.31849e-034
2 16 4 1  7.83089e-011 2.12984e-013 2.36139e-016 9.90181e-023 0
2 17 1 1  2.03101e-010 2.96296e-012 2.84139e-014 6.82995e-018 0
2 17 2 1  5.30611e+006 2.79876e-183 6.36342e-183 4.81786e-189 5.03364e-296
2 17 3 1  478655 2509.55 38.216 0.327859 1.32327e-034
2 17 4 1  2.96606e-010 9.31462e-013 1.27716e-015 2.17725e-021 0
2 18 1 1  6.81707e-012 8.17559e-014 1.03366e-015 3.16978e-019 0
2 18 2 1  163231 3.69345e-190 1.46412e-186 8.65275e-187 3.80625e-299
2 18 3 1  15164.8 60.4762 0.993842 0.0100251 2.52739e-037
2 18 4 1  1.02985e-011 2.43427e-014 5.45339e-017 6.94847e-023 0
2 19 1 1  6.18435e-011 9.56987e-013 9.56607e-015 6.90938e-018 0
2 19 2 1  1.72616e+006 3.77195e-194 2.19073e-187 4.59288e-187 1.69614e-299
2 19 3 1  145629 555.062 7.46523 0.0797351 1.43711e-037
2 19 4 1  9.40954e-011 3.43914e-013 5.60008e-016 8.10649e-021 0
2 20 1 1  7.24046e-011 1.07225e-012 1.32702e-014 6.22982e-018 0
2 20 2 1  1.95522e+006 1.18917e-182 3.47417e-189 2.03929e-188 7.91884e-301
2 20 3 1  171075 830.603 8.48072 0.0768577 1.06036e-038
2 20 4 1  1.08596e-010 3.86397e-013 8.62027e-016 6.86855e-021 0
2 21 1 1  9.76328e-011 1.279e-012 1.71962e-014 1.07839e-017 0
2 21 2 1  2.47832e+006 1.72732e-187 8.93954e-187 8.23107e-190 3.62232e-302
2 21 3 1  220960 957.104 13.0721 0.090684 8.32439e-040
2 21 4 1  1.49334e-010 4.40036e-013 1.1783e-015 8.18998e-021 0
2 22 1 1  2.23533e-010 3.57765e-012 4.19194e-014 4.08701e-017 0
2 22 2 1  5.4204e+006 3.47935e-192 1.97565e-188 1.15471e-188 2.4089e-303
2 22 3 1  498394 2162 28.5938 0.25539 1.19615e-040
2 22 4 1  3.4049e-010 1.36819e-012 3.05078e-015 7.90797e-020 0
2 23 1 1  1.12538e-010 1.48085e-012 2.22512e-014 1.65354e-017 0
2 23 2 1  2.90592e+006 4.46098e-198 5.48645e-191 1.20849e-190 2.23707e-305
2 23 3 1  258923 817.699 11.9911 0.111357 3.49459e-042
2 23 4 1  1.70676e-010 5.38485e-013 1.66662e-015 3.27518e-020 0
2 24 1 1  7.93145e-011 1.11744e-012 1.22027e-014 8.87607e-018 0
2 24 2 1  2.05526e+006 1.09899e-200 4.02492e-193 2.51546e-192 4.94913e-307
2 24 3 1  183600 752.145 7.18355 0.070037 1.49499e-043
2 24 4 1  1.18971e-010 3.97147e-013 8.04143e-016 1.20979e-020 0
2 25 1 1  1.14479e-010 1.56937e-012 1.91308e-014 9.76905e-018 0
2 25 2 1  2.74213e+006 1.24089e-201 6.47788e-195 1.08723e-193 2.41819e-308
2 25 3 1  255792 1063.74 13.2135 0.0864374 1.30601e-044
2 25 4 1  1.72336e-010 5.34105e-013 1.24968e-015 8.64681e-021 0
2 26 1 1  1.89422e-010 2.58177e-012 3.18737e-014 2.21578e-017 0
2 26 2 1  5.07135e+006 9.66872e-207 9.19918e-197 4.10612e-195 1.05858e-309
2 26 3 1  437108 1464.57 20.8062 0.172158 1.26664e-045
2 26 4 1  2.88906e-010 9.03197e-013 2.11202e-015 2.76604e-020 0
2 27 1 1  1.92804e-010 2.94906e-012 3.79932e-014 4.21716e-017 0
2 27 2 1  5.44986e+006 1.11953e-188 6.76706e-199 7.52814e-197 2.23571e-311
2 27 3 1  446411 1976.92 18.5346 0.17137 7.55928e-047
2 27 4 1  3.02304e-010 1.14244e-012 3.05383e-015 6.67753e-020 0
2 28 1 1  8.5122e-011 1.47184e-012 2.27941e-014 4.86076e-017 0
2 28 2 1  2.35943e+006 3.08157e-174 3.50012e-193 6.95167e-199 2.41522e-313
2 28 3 1  196714 998.32 10.9598 0.0693722 2.05398e-048
2 28 4 1  1.34843e-010 6.53735e-013 2.3846e-015 2.13939e-019 0
2 29 1 1  1.44329e-010 2.27949e-012 4.08647e-014 8.14807e-017 0
2 29 2 1  3.73728e+006 7.04183e-179 3.49362e-178 3.48735e-195 1.29317e-314
2 29 3 1  330367 1495.31 19.5269 0.148202 2.14003e-049
2 29 4 1  2.24694e-010 1.02389e-012 4.4685e-015 5.61603e-019 0
2 30 1 1  1.4525e-010 1.90699e-012 3.23877e-014 6.47891e-017 0
2 30 2 1  3.96841e+006 3.7202e-184 2.44038e-180 1.4012e-180 2.93399e-316
2 30 3 1  334814 1173.7 15.4249 0.140265 1.193e-050
2 30 4 1  2.27203e-010 7.90559e-013 3.3863e-015 2.98272e-019 0
2 31 1 1  1.30346e-010 2.16347e-012 2.77388e-014 5.66221e-017 0
2 31 2 1  3.4486e+006 1.87636e-182 1.99715e-182 4.04216e-182 7.05533e-318
2 31 3 1  297564 1426.54 13.2365 0.115477 6.54827e-052
2 31 4 1  2.03518e-010 9.3536e-013 2.83038e-015 2.72933e-019 0
2 32 1 1  1.19133e-010 1.76486e-012 3.03234e-014 4.47437e-017 0
2 32 2 1  3.12371e+006 1.41154e-187 1.56803e-184 9.27376e-184 1.74499e-319
2 32 3 1  272558 1088.31 14.5734 0.0956695 3.5609e-053
2 32 4 1  1.85538e-010 7.44758e-013 3.13857e-015 2.26229e-019 0
2 33 1 1  4.79687e-011 7.09303e-013 1.11985e-014 2.62036e-017 0
2 33 2 1  1.21539e+006 4.83025e-193 6.02889e-187 9.81152e-186 2.12942e-321
2 33 3 1  107782 436.911 4.98232 0.0450543 8.42602e-055
2 33 4 1  7.51174e-011 2.99716e-013 1.18349e-015 1.23057e-019 0
2 34 1 1  5.93216e-011 9.28438e-013 1.46181e-014 3.32628e-017 0
2 34 2 1  1.44791e+006 6.04797e-198 9.46007e-189 4.14476e-187 1.03754e-322
2 34 3 1  132129 520.481 6.33397 0.0503406 6.38752e-056
2 34 4 1  9.23987e-011 4.01177e-013 1.58132e-015 2.09398e-019 0
2 35 1 1  6.53344e-011 9.28912e-013 1.65407e-014 3.99632e-017 0
2 35 2 1  1.48814e+006 3.74742e-203 1.13053e-190 1.37522e-188 4.94066e-324
2 35 3 1  141596 479.038 6.18624 0.0534965 4.16309e-057
2 35 4 1  1.01539e-010 3.8974e-013 1.83396e-015 2.43506e-019 0
2 36 1 1  2.61735e-010 3.68016e-012 6.2414e-014 2.36897e-016 0
2 36 2 1  6.15576e+006 5.05494e-208 3.84363e-192 1.26785e-189 0
2 36 3 1  566308 1616.34 20.1549 0.184306 9.51815e-058
2 36 4 1  4.11117e-010 1.55114e-012 7.2701e-015 1.77997e-018 0
2 37 1 1  2.46901e-010 3.8555e-012 6.04642e-014 1.85627e-016 0
2 37 2 1  6.09323e+006 1.1464e-213 1.61812e-194 1.42557e-191 0
2 37 3 1  547529 1738.29 16.9013 0.147598 5.25765e-059
2 37 4 1  3.86577e-010 1.69963e-012 6.95675e-015 1.70539e-018 0
2 38 1 1  1.62064e-010 2.34155e-012 4.17876e-014 1.14718e-016 0
2 38 2 1  3.97757e+006 1.91052e-210 5.17009e-197 1.22826e-193 0
2 38 3 1  359070 1188.26 11.8883 0.0827911 1.97062e-060
2 38 4 1  2.54256e-010 1.01331e-012 4.91393e-015 8.57476e-019 0
2 39 1 1  1.23889e-010 1.89508e-012 3.06125e-014 9.30884e-017 0
2 39 2 1  2.88718e+006 1.40332e-209 2.91494e-199 1.85923e-195 0
2 39 3 1  270317 960.582 10.0533 0.0702085 8.97431e-062
2 39 4 1  1.93053e-010 8.27123e-013 3.5253e-015 7.36207e-019 0
2 40 1 1  1.25537e-010 1.72026e-012 3.15031e-014 1.02671e-016 0
2 40 2 1  3.07993e+006 4.40182e-215 2.26759e-201 3.98327e-197 0
2 40 3 1  277126 790.162 9.86118 0.0736574 5.12952e-063
2 40 4 1  1.97705e-010 7.31066e-013 3.77294e-015 8.08117e-019 0
2 41 1 1  9.49565e-011 1.53957e-012 2.37404e-014 9.48527e-017 0
2 41 2 1  2.27746e+006 9.77483e-207 1.5853e-203 7.34506e-199 0
2 41 3 1  208777 773.405 6.96189 0.0594538 2.35251e-064
2 41 4 1  1.491e-010 6.92138e-013 2.87577e-015 9.1269e-019 0
2 42 1 1  2.47422e-011 3.51388e-013 7.06311e-015 3.06837e-017 0
2 42 2 1  596322 1.17048e-212 4.04319e-206 5.18898e-201 0
2 42 3 1  54417.1 167.646 2.05561 0.0135234 3.53441e-066
2 42 4 1  3.91552e-011 1.55594e-013 9.37468e-016 3.37267e-019 0
full time series of predicted survey index
survey year spp area pred_survey
1 1 1 1 392901
1 1 2 1 2.21682e-268
1 1 3 1 781985
1 1 4 1 80059.9
1 2 1 1 147137
1 2 2 1 1.71057e-226
1 2 3 1 20219.9
1 2 4 1 2999.95
1 3 1 1 175482
1 3 2 1 1.41765e-184
1 3 3 1 8.45523e+006
1 3 4 1 33101.6
1 4 1 1 491599
1 4 2 1 3.74967e-191
1 4 3 1 629132
1 4 4 1 32575.9
1 5 1 1 230076
1 5 2 1 1.39383e-194
1 5 3 1 3.66927e+006
1 5 4 1 21725
1 6 1 1 15307.2
1 6 2 1 8.72802e-199
1 6 3 1 122091
1 6 4 1 3068.13
1 7 1 1 229563
1 7 2 1 6.21155e-201
1 7 3 1 15266.5
1 7 4 1 10635.5
1 8 1 1 12553.9
1 8 2 1 2.40662e-203
1 8 3 1 9967.23
1 8 4 1 525.896
1 9 1 1 61316.9
1 9 2 1 7.80694e-205
1 9 3 1 10369
1 9 4 1 4798.23
1 10 1 1 68013.9
1 10 2 1 2.98578e-206
1 10 3 1 7586.75
1 10 4 1 3681.3
1 11 1 1 20939.2
1 11 2 1 6.36917e-208
1 11 3 1 6415.36
1 11 4 1 1198.44
1 12 1 1 32155.8
1 12 2 1 1.17261e-202
1 12 3 1 2594.76
1 12 4 1 2234.26
1 13 1 1 14852.6
1 13 2 1 4.04877e-207
1 13 3 1 12209.2
1 13 4 1 1663.07
1 14 1 1 11322.1
1 14 2 1 1.00667e-208
1 14 3 1 10108.2
1 14 4 1 1245.09
1 15 1 1 7579.66
1 15 2 1 3.32356e-202
1 15 3 1 8924.15
1 15 4 1 671.632
1 16 1 1 7539.84
1 16 2 1 4.24251e-187
1 16 3 1 29920.7
1 16 4 1 917.113
1 17 1 1 4961.66
1 17 2 1 1.26325e-200
1 17 3 1 1623.87
1 17 4 1 549.915
1 18 1 1 2409.35
1 18 2 1 1.89071e-205
1 18 3 1 1290.47
1 18 4 1 240.41
1 19 1 1 2512.8
1 19 2 1 8.65056e-186
1 19 3 1 3248.81
1 19 4 1 496.266
1 20 1 1 3999.23
1 20 2 1 2.54508e-190
1 20 3 1 564.056
1 20 4 1 768.028
1 21 1 1 4558.28
1 21 2 1 6.50979e-193
1 21 3 1 1208.29
1 21 4 1 806.412
1 22 1 1 12508.3
1 22 2 1 4.84107e-195
1 22 3 1 6807.07
1 22 4 1 1983.94
1 23 1 1 4253.11
1 23 2 1 9.20347e-197
1 23 3 1 9716.85
1 23 4 1 1489.37
1 24 1 1 5006.57
1 24 2 1 9.07421e-197
1 24 3 1 957.455
1 24 4 1 995.312
1 25 1 1 2934.03
1 25 2 1 1.78815e-201
1 25 3 1 1032.88
1 25 4 1 582.103
1 26 1 1 4861.39
1 26 2 1 5.60955e-191
1 26 3 1 2100.37
1 26 4 1 549.015
1 27 1 1 1928.82
1 27 2 1 8.92979e-178
1 27 3 1 2353.32
1 27 4 1 500.229
1 28 1 1 7555.7
1 28 2 1 1.64129e-180
1 28 3 1 2707.44
1 28 4 1 1461.32
1 29 1 1 4602.13
1 29 2 1 5.56538e-184
1 29 3 1 4280.6
1 29 4 1 1785.2
1 30 1 1 13812.5
1 30 2 1 3.1762e-185
1 30 3 1 18466.7
1 30 4 1 2860.98
1 31 1 1 15901.3
1 31 2 1 4.1397e-187
1 31 3 1 78347.4
1 31 4 1 2074.2
1 32 1 1 21557.9
1 32 2 1 7.54778e-189
1 32 3 1 6976.82
1 32 4 1 4799.2
1 33 1 1 1579.82
1 33 2 1 6.77702e-191
1 33 3 1 1853.72
1 33 4 1 946.257
1 34 1 1 4238.41
1 34 2 1 4.08993e-193
1 34 3 1 956.035
1 34 4 1 1762.04
1 35 1 1 1837.27
1 35 2 1 1.01865e-195
1 35 3 1 468.428
1 35 4 1 1052.95
1 36 1 1 2718.05
1 36 2 1 3.5377e-198
1 36 3 1 7084.68
1 36 4 1 2691.25
1 37 1 1 9416.39
1 37 2 1 1.11428e-199
1 37 3 1 57519.8
1 37 4 1 10235.6
1 38 1 1 8813.33
1 38 2 1 5.01231e-201
1 38 3 1 111714
1 38 4 1 9913.5
1 39 1 1 897.467
1 39 2 1 1.46204e-202
1 39 3 1 54395
1 39 4 1 2599.66
1 40 1 1 816.45
1 40 2 1 1.92976e-204
1 40 3 1 23233.9
1 40 4 1 1655.8
1 41 1 1 845.13
1 41 2 1 5.61874e-207
1 41 3 1 1211.6
1 41 4 1 621.308
1 42 1 1 275.137
1 42 2 1 4.07419e-209
1 42 3 1 111.161
1 42 4 1 205.325
2 1 1 1 230623
2 1 2 1 2.21682e-268
2 1 3 1 54767.7
2 1 4 1 63101.5
2 2 1 1 20288.4
2 2 2 1 2.1799e-228
2 2 3 1 1923.01
2 2 4 1 2483.1
2 3 1 1 7797.92
2 3 2 1 1.80661e-186
2 3 3 1 12223.4
2 3 4 1 496.003
2 4 1 1 15814.8
2 4 2 1 1.72572e-192
2 4 3 1 5832.6
2 4 4 1 992.865
2 5 1 1 26371.6
2 5 2 1 2.20527e-195
2 5 3 1 6608.84
2 5 4 1 754.954
2 6 1 1 7517.19
2 6 2 1 2.04196e-199
2 6 3 1 981.291
2 6 4 1 202.214
2 7 1 1 3824.41
2 7 2 1 1.45327e-201
2 7 3 1 246.267
2 7 4 1 196.669
2 8 1 1 6130.72
2 8 2 1 5.63059e-204
2 8 3 1 26.4973
2 8 4 1 55.1397
2 9 1 1 1289.7
2 9 2 1 1.82653e-205
2 9 3 1 20.242
2 9 4 1 71.5802
2 10 1 1 3797.73
2 10 2 1 6.9856e-207
2 10 3 1 16.4462
2 10 4 1 114.807
2 11 1 1 2498.88
2 11 2 1 1.49015e-208
2 11 3 1 12.1306
2 11 4 1 43.8057
2 12 1 1 1175.28
2 12 2 1 1.49434e-204
2 12 3 1 6.97482
2 12 4 1 42.0591
2 13 1 1 1205.1
2 13 2 1 2.03002e-208
2 13 3 1 19.2658
2 13 4 1 37.0927
2 14 1 1 559.207
2 14 2 1 1.53884e-209
2 14 3 1 20.4997
2 14 4 1 26.4698
2 15 1 1 413.512
2 15 2 1 4.23544e-204
2 15 3 1 18.9813
2 15 4 1 15.6005
2 16 1 1 319.039
2 16 2 1 5.40652e-189
2 16 3 1 50.0252
2 16 4 1 16.3204
2 17 1 1 309.39
2 17 2 1 6.33017e-202
2 17 3 1 15.6511
2 17 4 1 13.632
2 18 1 1 165.027
2 18 2 1 2.99143e-206
2 18 3 1 5.15023
2 18 4 1 6.05841
2 19 1 1 94.5986
2 19 2 1 1.1024e-187
2 19 3 1 5.78009
2 19 4 1 7.84853
2 20 1 1 132.041
2 20 2 1 1.27534e-191
2 20 3 1 2.82173
2 20 4 1 13.5765
2 21 1 1 197.818
2 21 2 1 1.02845e-193
2 21 3 1 2.44745
2 21 4 1 16.6997
2 22 1 1 354.428
2 22 2 1 9.77281e-196
2 22 3 1 10.6143
2 22 4 1 35.793
2 23 1 1 478.341
2 23 2 1 1.87946e-197
2 23 3 1 17.8405
2 23 4 1 34.3913
2 24 1 1 175.792
2 24 2 1 1.23353e-198
2 24 3 1 7.43457
2 24 4 1 21.6949
2 25 1 1 188.934
2 25 2 1 3.13926e-202
2 25 3 1 3.01643
2 25 4 1 13.65
2 26 1 1 151.663
2 26 2 1 7.14864e-193
2 26 3 1 3.6921
2 26 4 1 11.0856
2 27 1 1 186.882
2 27 2 1 1.13799e-179
2 27 3 1 4.46557
2 27 4 1 10.6236
2 28 1 1 182.523
2 28 2 1 2.32572e-182
2 28 3 1 5.60267
2 28 4 1 26.1754
2 29 1 1 373.509
2 29 2 1 8.27989e-185
2 29 3 1 7.91588
2 29 4 1 39.4224
2 30 1 1 384.553
2 30 2 1 2.66961e-186
2 30 3 1 29.416
2 30 4 1 61.6704
2 31 1 1 837.692
2 31 2 1 8.97709e-188
2 31 3 1 125.503
2 31 4 1 64.3107
2 32 1 1 1018.9
2 32 2 1 1.70083e-189
2 32 3 1 61.3259
2 32 4 1 93.0372
2 33 1 1 712.155
2 33 2 1 1.57243e-191
2 33 3 1 11.7536
2 33 4 1 47.4619
2 34 1 1 91.2051
2 34 2 1 9.53342e-194
2 34 3 1 3.10163
2 34 4 1 32.2869
2 35 1 1 187.279
2 35 2 1 2.37978e-196
2 35 3 1 1.37708
2 35 4 1 30.2438
2 36 1 1 115.986
2 36 2 1 8.27162e-199
2 36 3 1 10.5634
2 36 4 1 50.0378
2 37 1 1 262.349
2 37 2 1 2.60624e-200
2 37 3 1 88.1746
2 37 4 1 181.15
2 38 1 1 599.606
2 38 2 1 1.15756e-201
2 38 3 1 205.734
2 38 4 1 294.817
2 39 1 1 353.741
2 39 2 1 3.42039e-203
2 39 3 1 147.163
2 39 4 1 134.261
2 40 1 1 33.411
2 40 2 1 4.40558e-205
2 40 3 1 71.9323
2 40 4 1 46.2484
2 41 1 1 43.0389
2 41 2 1 1.31457e-207
2 41 3 1 15.3137
2 41 4 1 24.0731
2 42 1 1 31.8266
2 42 2 1 9.53207e-210
2 42 3 1 2.32905
2 42 4 1 7.27259
full time series of predicted catch
fleet year spp area pred_catch
1 1 1 1 16129.9
1 1 4 1 6536.99
1 2 1 1 19364.5
1 2 4 1 4281.97
1 3 1 1 17380.7
1 3 4 1 6550.44
1 4 1 1 19951.7
1 4 4 1 6476.32
1 5 1 1 25695.3
1 5 4 1 8261.78
1 6 1 1 15520.8
1 6 4 1 8509.66
1 7 1 1 15411.8
1 7 4 1 6087.72
1 8 1 1 13691.6
1 8 4 1 6666.41
1 9 1 1 12947.8
1 9 4 1 6624.17
1 10 1 1 16865.5
1 10 4 1 7081.97
1 11 1 1 20101.8
1 11 4 1 8076.95
1 12 1 1 17861.7
1 12 4 1 9487.68
1 13 1 1 18324.9
1 13 4 1 13707.8
1 14 1 1 15867.9
1 14 4 1 12324.6
1 15 1 1 12475.4
1 15 4 1 8291.83
1 16 1 1 8667.03
1 16 4 1 5901.34
1 17 1 1 8158.88
1 17 4 1 12336.5
1 18 1 1 4801.74
1 18 4 1 4749.85
1 19 1 1 3959.87
1 19 4 1 5562.01
1 20 1 1 5280.47
1 20 4 1 9255.54
1 21 1 1 4049.16
1 21 4 1 4180.27
1 22 1 1 5191.66
1 22 4 1 4511.54
1 23 1 1 4437.97
1 23 4 1 7555.48
1 24 1 1 6271.1
1 24 4 1 6919.23
1 25 1 1 4313.46
1 25 4 1 6045.62
1 26 1 1 5729.45
1 26 4 1 4462.57
1 27 1 1 2097.31
1 27 4 1 3027.9
1 28 1 1 1906.93
1 28 4 1 1804.99
1 29 1 1 2394.65
1 29 4 1 4862.69
1 30 1 1 3422.09
1 30 4 1 3456.55
1 31 1 1 4117.37
1 31 4 1 2180.02
1 32 1 1 3947.32
1 32 4 1 3677.19
1 33 1 1 1738.48
1 33 4 1 2956.37
1 34 1 1 2001.39
1 34 4 1 3083.14
1 35 1 1 1254.27
1 35 4 1 3390.62
1 36 1 1 682.108
1 36 4 1 2811
1 37 1 1 1092.97
1 37 4 1 4915.87
1 38 1 1 1071.92
1 38 4 1 4257.36
1 39 1 1 864.204
1 39 4 1 5136.84
1 40 1 1 572.764
1 40 4 1 3807.06
1 41 1 1 629.943
1 41 4 1 3437.27
1 42 1 1 369.881
1 42 4 1 2420.03
2 1 2 1 1382.44
2 1 3 1 475.966
2 2 2 1 804.24
2 2 3 1 258.303
2 3 2 1 1510.5
2 3 3 1 323.981
2 4 2 1 902.856
2 4 3 1 389.743
2 5 2 1 1271.59
2 5 3 1 2890.82
2 6 2 1 1172.51
2 6 3 1 3520.62
2 7 2 1 729.916
2 7 3 1 2677.12
2 8 2 1 947.629
2 8 3 1 2601.63
2 9 2 1 878.698
2 9 3 1 3392.63
2 10 2 1 809.229
2 10 3 1 2482.69
2 11 2 1 1074.52
2 11 3 1 3256.32
2 12 2 1 966.21
2 12 3 1 593.816
2 13 2 1 3551.26
2 13 3 1 2287.16
2 14 2 1 1811.7
2 14 3 1 1320.38
2 15 2 1 1134.15
2 15 3 1 975.438
2 16 2 1 2660.3
2 16 3 1 926.195
2 17 2 1 2062.3
2 17 3 1 16465.6
2 18 2 1 26.5227
2 18 3 1 1221.01
2 19 2 1 3793.44
2 19 3 1 863.672
2 20 2 1 6061.83
2 20 3 1 725.939
2 21 2 1 14047.3
2 21 3 1 507.311
2 22 2 1 14937.7
2 22 3 1 2378.26
2 23 2 1 9506.55
2 23 3 1 1027.04
2 24 2 1 21643.1
2 24 3 1 226.337
2 25 2 1 9996.04
2 25 3 1 917.577
2 26 2 1 13472.7
2 26 3 1 2129.95
2 27 2 1 12997.1
2 27 3 1 2445.29
2 28 2 1 9084.88
2 28 3 1 675.834
2 29 2 1 10608.4
2 29 3 1 1534.34
2 30 2 1 7937.74
2 30 3 1 2190.99
2 31 2 1 8206.97
2 31 3 1 1659.93
2 32 2 1 17942.5
2 32 3 1 621.235
2 33 2 1 10423.1
2 33 3 1 164.227
2 34 2 1 19023.8
2 34 3 1 130.533
2 35 2 1 18119.5
2 35 3 1 149.027
2 36 2 1 21468.1
2 36 3 1 2093.13
2 37 2 1 19245.2
2 37 3 1 2268.76
2 38 2 1 17654.7
2 38 3 1 1062.98
2 39 2 1 10898
2 39 3 1 941.28
2 40 2 1 6975.65
2 40 3 1 1588.44
2 41 2 1 6000.41
2 41 3 1 1029.72
2 42 2 1 1487.21
2 42 3 1 282.147
full time series of survey length comp
survey year spp area catch-at-size
1 1 1 2  171.616 29928.4 19505 1106.86 0.0585375
1 1 2 2  0 0 0 0 1.85503e-267
1 1 3 2  2024.62 19448.8 32853.6 14323.8 1.11774e-015
1 1 4 2  239248 59685.8 251335 13845.6 7.14219e-071
1 2 1 2  36952.6 34358.5 1105.8 224.364 6.00247e-012
1 2 2 2  0 3.23931e-224 0 0 3.55989e-271
1 2 3 2  0.0430979 28.3203 503.812 529.493 4.64331e-017
1 2 4 2  140.847 1131.28 9553.91 648.814 9.76813e-102
1 3 1 2  49623 46308.3 543.445 8.40334 3.07506e-202
1 3 2 2  0 2.68461e-182 4.21961e-228 0 1.53126e-272
1 3 3 2  4.07483e+006 3.35365e+006 18.9633 27.556 2.33799e-018
1 3 4 2  1.49162e+006 372157 196.568 10.328 0
1 4 1 2  142386 131839 958.746 5.61917 8.36291e-308
1 4 2 2  0 1.45738e-189 1.40581e-189 6.07087e-231 7.08692e-274
1 4 3 2  16000.3 103286 39146.6 1.85403 1.49243e-019
1 4 4 2  1.38916e+006 364441 2614.8 0.398798 0
1 5 1 2  55058 54975.1 2407.08 7.52464 0
1 5 2 2  0 2.06536e-198 2.77703e-193 1.42615e-193 1.2752e-275
1 5 3 2  1.7482e+006 1.44147e+006 2789.91 288.3 9.07676e-021
1 5 4 2  913711 242542 2176.36 2.60864 0
1 6 1 2  295.997 1627.67 726.385 9.95535 0
1 6 2 2  0 1.13268e-221 1.83035e-201 1.54591e-197 3.90178e-278
1 6 3 2  16413 26622.1 5761.93 23.5678 4.66158e-022
1 6 4 2  114929 33831.7 760.116 0.421394 0
1 7 1 2  68765.7 62837.5 60.8576 7.05996 0
1 7 2 2  0 1.00037e-232 4.85001e-205 1.10024e-199 8.24311e-280
1 7 3 2  3663.22 3586.39 504.002 46.6057 2.84408e-023
1 7 4 2  472904 119492 245.935 1.34912 0
1 8 1 2  111.529 1333.08 621.083 0.12437 0
1 8 2 2  0 4.15324e-242 1.22748e-208 4.26281e-202 9.44126e-282
1 8 3 2  4686.04 3868.62 13.0588 3.05559 1.36823e-024
1 8 4 2  16644.3 5711.82 227.515 0.00748582 0
1 9 1 2  18237.7 16692.1 37.5025 3.74451 0
1 9 2 2  0 4.75812e-250 1.04221e-210 1.38283e-203 3.7391e-283
1 9 3 2  4732.31 3976.21 35.8831 0.248277 7.83423e-026
1 9 4 2  215678 54005 31.219 0.116984 0
1 10 1 2  18698.2 17667.7 302.344 0.214591 0
1 10 2 2  0 2.25314e-257 1.02252e-212 5.28866e-205 1.75592e-284
1 10 3 2  3390.97 2870.56 36.2106 0.292782 4.86951e-027
1 10 4 2  156586 41174.2 307.936 0.0135185 0
1 11 1 2  4947.22 4967.92 229.89 0.537728 0
1 11 2 2  0 6.81914e-265 5.11942e-215 1.12816e-206 5.12443e-286
1 11 3 2  2963.99 2476.99 17.4497 0.21291 2.70174e-028
1 11 4 2  50026.5 13375.9 130.709 0.00632113 0
1 12 1 2  9230.7 8574.04 76.6632 0.567145 0
1 12 2 2  0 2.22057e-200 6.90222e-217 4.23514e-208 2.26775e-287
1 12 3 2  1087.7 944.697 22.1953 0.133709 1.5917e-029
1 12 4 2  99117.7 25110.7 56.0388 0.00631145 0
1 13 1 2  3851.77 3724.73 105.21 0.0346215 0
1 13 2 2  0 8.25392e-206 1.70403e-205 1.17655e-209 7.49506e-289
1 13 3 2  5815.12 4805.71 9.47426 0.163509 9.49013e-031
1 13 4 2  72921 18666 69.1403 3.06285e-005 0
1 14 1 2  3157.46 2967 42.746 0.0305623 0
1 14 2 2  0 7.0177e-208 1.93176e-207 9.92123e-208 2.80827e-290
1 14 3 2  4536.97 3838.23 45.6548 0.0755144 5.6287e-032
1 14 4 2  54785.8 13980.3 45.6026 1.18728e-005 0
1 15 1 2  2089.44 1972.36 32.7434 0.0068243 0
1 15 2 2  0 6.29383e-200 2.01304e-209 4.13062e-209 1.0709e-291
1 15 3 2  4010.05 3387.34 39.7138 0.343871 3.43412e-033
1 15 4 2  29357.4 7535.54 30.8629 1.60039e-006 0
1 16 1 2  2135.25 1994.77 22.9596 0.00605497 0
1 16 2 2  0 8.03404e-185 2.57845e-204 1.55933e-210 4.1165e-293
1 16 3 2  14075.4 11688.6 47.1311 0.343743 2.12538e-034
1 16 4 2  40824.1 10311.6 18.5382 1.59266e-006 0
1 17 1 2  1343.99 1277.37 25.455 0.00738019 0
1 17 2 2  0 2.57515e-199 5.31773e-199 4.69827e-209 3.95431e-296
1 17 3 2  79.3742 281.455 95.8481 0.366606 1.22241e-035
1 17 4 2  23910.1 6166.14 29.3382 4.06213e-006 0
1 18 1 2  643.537 615.031 13.9002 0.00387261 0
1 18 2 2  0 1.12382e-223 3.76697e-204 1.93456e-204 4.027e-298
1 18 3 2  574.874 478.813 6.42843 0.721175 7.39513e-037
1 18 4 2  10438.3 2695.26 13.2942 9.09789e-007 0
1 19 1 2  718.812 668.959 6.43353 0.00108732 0
1 19 2 2  0 1.63816e-183 2.36461e-206 4.00871e-206 6.4571e-300
1 19 3 2  1518.81 1263.93 6.34036 0.09359 4.48413e-038
1 19 4 2  22235.9 5584.12 5.37542 7.12879e-008 0
1 20 1 2  1155.41 1071.25 8.31158 0.00142706 0
1 20 2 2  0 5.18818e-189 1.07136e-188 4.90498e-208 7.89433e-302
1 20 3 2  166.121 169.201 14.4061 0.0581245 2.76772e-039
1 20 4 2  34201.2 8635.79 15.0943 4.42495e-007 0
1 21 1 2  1287.85 1204.2 14.3937 0.00402386 0
1 21 2 2  0 1.47322e-193 1.29642e-191 6.6491e-192 2.54309e-304
1 21 3 2  563.643 468.328 2.55443 0.113875 1.62992e-040
1 21 4 2  35549 9056.65 27.4313 9.71537e-006 0
1 22 1 2  3650.25 3371.38 19.8115 0.0281102 0
1 22 2 2  0 3.02787e-199 4.08618e-194 7.04063e-194 2.0785e-306
1 22 3 2  3236.69 2677.42 6.01657 0.0276215 9.8963e-042
1 22 4 2  88240.4 22304.4 42.4131 0.000693627 0
1 23 1 2  1020.96 1019.27 44.0085 0.00968425 0
1 23 2 2  0 1.38306e-195 2.95237e-196 1.38997e-195 4.20015e-308
1 23 3 2  4465.09 3742.74 29.754 0.0471673 6.02037e-043
1 23 4 2  65131.3 16711.3 67.4753 2.80958e-005 0
1 24 1 2  1440.12 1337.37 11.4727 0.00881655 0
1 24 2 2  0 1.71161e-194 5.30525e-199 6.13882e-198 2.03675e-310
1 24 3 2  150.901 218.928 42.3409 0.213013 3.4399e-044
1 24 4 2  43716.2 11173.4 38.9899 4.33559e-006 0
1 25 1 2  791.044 753.235 15.6814 0.00268237 0
1 25 2 2  0 1.13009e-200 2.39969e-200 2.16057e-200 8.51342e-313
1 25 3 2  470.774 392.054 3.6861 0.310215 2.00032e-045
1 25 4 2  25425 6530.49 27.3601 3.71052e-006 0
1 26 1 2  1409.99 1305.34 9.17337 0.00418965 0
1 26 2 2  0 1.06228e-188 1.06063e-203 2.83507e-203 1.02054e-315
1 26 3 2  981.217 816.909 4.21346 0.0433977 1.13185e-046
1 26 4 2  24244.1 6167.12 17.3311 3.70884e-006 0
1 27 1 2  481.508 472.922 16.8283 0.00434941 0
1 27 2 2  0 1.69104e-175 4.91184e-195 9.45276e-207 3.65179e-319
1 27 3 2  1076.78 903.873 7.8328 0.0305186 6.16927e-048
1 27 4 2  22012.5 5616.81 18.2695 1.0612e-005 0
1 28 1 2  2225.23 2047.78 8.51598 0.0622191 0
1 28 2 2  0 3.00224e-178 2.63743e-180 9.73824e-198 3.45846e-321
1 28 3 2  1217.69 1028.74 11.8945 0.0647888 3.71413e-049
1 28 4 2  65024.5 16429.6 30.3396 0.00249317 0
1 29 1 2  1193.53 1154.1 32.5903 0.0163434 0
1 29 2 2  0 9.90916e-184 1.2166e-182 5.19708e-183 3.95253e-323
1 29 3 2  1978.69 1653.82 11.5158 0.0951148 2.24812e-050
1 29 4 2  78334.7 20038.5 72.3476 0.00073294 0
1 30 1 2  4036.96 3725.5 20.8023 0.132101 0
1 30 2 2  0 3.7039e-183 1.14335e-184 1.73218e-184 0
1 30 3 2  8749.37 7247.12 20.6187 0.098213 1.38564e-051
1 30 4 2  125768 32120 108.764 0.0125532 0
1 31 1 2  4402.88 4148.47 65.3728 0.0737905 0
1 31 2 2  0 8.4862e-188 1.83689e-186 6.63493e-186 0
1 31 3 2  37031.4 30704.6 99.6247 0.177544 8.70213e-053
1 31 4 2  88285 23200.7 171.704 0.0132427 0
1 32 1 2  6045.68 5666.13 75.5756 0.346819 0
1 32 2 2  0 1.30838e-188 1.30961e-188 1.27552e-187 0
1 32 3 2  529.113 1314.49 386.254 0.79229 5.2893e-054
1 32 4 2  212527 53924.2 132.991 0.0607585 0
1 33 1 2  53.1083 189.07 71.4925 0.150127 0
1 33 2 2  0 2.04374e-193 3.4501e-191 1.18743e-189 0
1 33 3 2  757.801 641.37 18.5486 1.95774 2.80911e-055
1 33 4 2  37595.6 10504.8 164.205 0.00369463 0
1 34 1 2  1257.15 1152.87 3.22941 0.141319 0
1 34 2 2  0 7.13713e-199 9.33437e-194 7.20938e-192 0
1 34 3 2  402.256 347.471 7.80508 0.216691 1.52832e-056
1 34 4 2  78299 19807.3 40.0137 0.00449805 0
1 35 1 2  452.947 447.181 16.9951 0.00406859 0
1 35 2 2  0 4.4205e-205 9.13036e-197 1.80089e-194 0
1 35 3 2  198.092 170.952 3.75476 0.0674503 8.82264e-058
1 35 4 2  45169.6 11788.4 75.7987 0.000321592 0
1 36 1 2  770.396 718.869 8.13987 0.0684595 0
1 36 2 2  0 6.26929e-211 1.38698e-199 6.26106e-197 0
1 36 3 2  3397.8 2801.36 2.30119 0.0329304 5.1781e-059
1 36 4 2  119485 30249.3 64.5282 0.0129511 0
1 37 1 2  2751.25 2539.64 14.3414 0.0510414 0
1 37 2 2  0 6.90279e-204 2.01637e-201 1.97296e-198 0
1 37 3 2  27396.8 22650.3 44.5627 0.0230049 3.3157e-060
1 37 4 2  455785 115087 202.071 0.0350046 0
1 38 1 2  2358.05 2251.35 50.1361 0.0941417 0
1 38 2 2  0 1.28251e-200 4.03173e-203 8.75675e-200 0
1 38 3 2  51270 42998.7 350.949 0.399654 2.13761e-061
1 38 4 2  423834 110939 760.992 0.123456 0
1 39 1 2  61.8232 125.489 35.2479 0.105286 0
1 39 2 2  0 7.38968e-206 5.67175e-205 2.58946e-201 0
1 39 3 2  22710.8 19758.3 478.108 2.61062 1.31009e-062
1 39 4 2  102720 28842.5 469.412 0.0233872 0
1 40 1 2  233.196 216.525 2.12442 0.0683057 0
1 40 2 2  0 9.35262e-204 1.82184e-207 3.3306e-203 0
1 40 3 2  9631.45 8375.94 213.528 3.40297 7.69212e-064
1 40 4 2  71229.6 18543 112.949 0.0118306 0
1 41 1 2  234.926 221.013 3.31883 0.00423897 0
1 41 2 2  0 4.47185e-211 1.8537e-210 9.95231e-206 0
1 41 3 2  111.52 221.093 64.1404 1.5946 4.51662e-065
1 41 4 2  25733.6 6928.51 74.2219 0.00301725 0
1 42 1 2  65.546 65.6281 2.93086 0.00284754 0
1 42 2 2  0 6.95726e-217 2.96559e-213 7.21654e-208 0
1 42 3 2  25.5185 24.1844 3.69118 0.493642 2.65117e-066
1 42 4 2  8604.84 2292.7 21.2951 0.000216167 0
2 1 1 2  0.288158 9687.47 322405 24589.3 1.30273
2 1 2 2  0 0 0 0 7.67621e-268
2 1 3 2  92.006 7842.77 117444 449949 2.86538e-013
2 1 4 2  19.7698 1135.32 206048 13832.7 7.14219e-071
2 2 1 2  62.0465 11121.4 18278.2 4984.35 1.33582e-010
2 2 2 2  0 1.70822e-226 0 0 1.4731e-271
2 2 3 2  0.00195852 11.4202 1801.02 16632.8 1.19033e-014
2 2 4 2  0.0116386 21.5188 7832.43 648.209 9.76813e-102
2 3 1 2  83.3211 14989.5 8982.81 186.684 6.84342e-201
2 3 2 2  0 1.4157e-184 9.53677e-230 0 6.33642e-273
2 3 3 2  185175 1.35237e+006 67.7895 865.61 5.99354e-016
2 3 4 2  123.257 7079.04 161.149 10.3183 0
2 4 1 2  239.079 42674.9 15847.5 124.832 1.86113e-306
2 4 2 2  0 7.68536e-192 3.17727e-191 5.8775e-232 2.9326e-274
2 4 3 2  727.111 41650.5 139940 58.2402 3.82592e-017
2 4 4 2  114.791 6932.27 2143.65 0.398426 0
2 5 1 2  92.4471 17794.8 39787.6 167.163 0
2 5 2 2  0 1.08915e-200 6.27638e-195 1.38072e-194 5.27683e-276
2 5 3 2  79444.6 581276 9973.3 9056.29 2.32687e-018
2 5 4 2  75.5029 4613.56 1784.21 2.60621 0
2 6 1 2  0.497004 526.859 12006.7 221.162 0
2 6 2 2  0 5.97308e-224 4.13679e-203 1.49667e-198 1.61457e-278
2 6 3 2  745.867 10735.4 20597.6 740.33 1.19502e-019
2 6 4 2  9.49695 643.534 623.154 0.421001 0
2 7 1 2  115.463 20339.8 1005.94 156.84 0
2 7 2 2  0 5.27534e-235 1.09615e-206 1.06519e-200 3.41104e-280
2 7 3 2  166.47 1446.22 1801.69 1464.01 7.29094e-021
2 7 4 2  39.0775 2272.94 201.621 1.34786 0
2 8 1 2  0.187267 431.503 10266.1 2.76294 0
2 8 2 2  0 2.19017e-244 2.77424e-210 4.12703e-203 3.90684e-282
2 8 3 2  212.95 1560.03 46.6821 95.9845 3.50753e-022
2 8 4 2  1.37538 108.648 186.52 0.00747885 0
2 9 1 2  30.6226 5403.03 619.894 83.1858 0
2 9 2 2  0 2.50914e-252 2.35551e-212 1.33878e-204 1.54726e-283
2 9 3 2  215.053 1603.42 128.274 7.79906 2.00834e-023
2 9 4 2  17.8221 1027.26 25.5938 0.116875 0
2 10 1 2  31.3959 5718.83 4997.56 4.76722 0
2 10 2 2  0 1.18817e-259 2.31101e-214 5.1202e-206 7.26609e-285
2 10 3 2  154.098 1157.56 129.445 9.19708 1.24832e-024
2 10 4 2  12.9392 783.201 252.45 0.0135059 0
2 11 1 2  8.3068 1608.06 3799.94 11.9459 0
2 11 2 2  0 3.596e-267 1.15704e-216 1.09223e-207 2.12051e-286
2 11 3 2  134.694 998.853 62.3786 6.68808 6.92604e-026
2 11 4 2  4.13385 254.433 107.157 0.00631523 0
2 12 1 2  15.4991 2775.32 1267.2 12.5994 0
2 12 2 2  0 1.171e-202 1.55997e-218 4.10024e-209 9.38406e-288
2 12 3 2  49.4288 380.951 79.3431 4.20016 4.08039e-027
2 12 4 2  8.19041 477.647 45.9414 0.00630557 0
2 13 1 2  6.46744 1205.65 1739.06 0.769132 0
2 13 2 2  0 4.35262e-208 3.85127e-207 1.13907e-210 3.10149e-289
2 13 3 2  264.26 1937.92 33.8683 5.13625 2.43284e-028
2 13 4 2  6.0257 355.058 56.6822 3.05999e-005 0
2 14 1 2  5.30164 960.383 706.565 0.678953 0
2 14 2 2  0 3.70071e-210 4.36597e-209 9.60522e-209 1.16207e-290
2 14 3 2  206.176 1547.78 163.206 2.37211 1.44294e-029
2 14 4 2  4.52713 265.929 37.3856 1.18617e-005 0
2 15 1 2  3.50834 638.429 541.228 0.151605 0
2 15 2 2  0 3.31898e-202 4.54967e-211 3.99905e-210 4.43145e-292
2 15 3 2  182.231 1365.95 141.968 10.8019 8.80353e-031
2 15 4 2  2.42589 143.338 25.3019 1.5989e-006 0
2 16 1 2  3.58527 645.685 379.508 0.134514 0
2 16 2 2  0 4.23667e-187 5.82756e-206 1.50966e-211 1.70343e-293
2 16 3 2  639.638 4713.45 168.483 10.7979 5.44853e-032
2 16 4 2  3.37343 196.145 15.1979 1.59118e-006 0
2 17 1 2  2.25667 413.47 420.755 0.163954 0
2 17 2 2  0 1.35798e-201 1.20186e-200 4.54862e-210 1.63631e-296
2 17 3 2  3.60705 113.497 342.635 11.5161 3.13372e-033
2 17 4 2  1.97577 117.29 24.0519 4.05834e-006 0
2 18 1 2  1.08055 199.079 229.762 0.0860318 0
2 18 2 2  0 5.92635e-226 8.51374e-206 1.87294e-205 1.66639e-298
2 18 3 2  26.1243 193.082 22.9802 22.6541 1.89578e-034
2 18 4 2  0.862552 51.2682 10.8988 9.08941e-007 0
2 19 1 2  1.20695 216.534 106.342 0.0241553 0
2 19 2 2  0 8.63866e-186 5.34426e-208 3.88102e-207 2.67198e-300
2 19 3 2  69.0202 509.682 22.6654 2.93992 1.14953e-035
2 19 4 2  1.83742 106.219 4.40684 7.12215e-008 0
2 20 1 2  1.94003 346.753 137.385 0.0317026 0
2 20 2 2  0 2.73593e-191 2.42139e-190 4.74875e-209 3.26671e-302
2 20 3 2  7.54913 68.2307 51.4985 1.82585 7.09519e-037
2 20 4 2  2.82615 164.267 12.3745 4.42082e-007 0
2 21 1 2  2.16241 389.787 237.919 0.0893917 0
2 21 2 2  0 7.76888e-196 2.93003e-193 6.43731e-193 1.05234e-304
2 21 3 2  25.614 188.854 9.1315 3.57714 4.17838e-038
2 21 4 2  2.93753 172.273 22.4886 9.70631e-006 0
2 22 1 2  6.12908 1091.28 327.472 0.62448 0
2 22 2 2  0 1.59671e-201 9.23519e-196 6.81637e-195 8.60091e-307
2 22 3 2  147.087 1079.68 21.5079 0.867666 2.53696e-039
2 22 4 2  7.29159 424.266 34.7709 0.000692981 0
2 23 1 2  1.71429 329.928 727.433 0.21514 0
2 23 2 2  0 7.2934e-198 6.67266e-198 1.3457e-196 1.73804e-308
2 23 3 2  202.91 1509.27 106.364 1.48165 1.54335e-040
2 23 4 2  5.38201 317.876 55.3172 2.80696e-005 0
2 24 1 2  2.41808 432.892 189.636 0.195863 0
2 24 2 2  0 9.026e-197 1.19904e-200 5.94329e-199 8.42816e-311
2 24 3 2  6.85748 88.2832 151.359 6.69132 8.81834e-042
2 24 4 2  3.61241 212.537 31.9645 4.33155e-006 0
2 25 1 2  1.32823 243.814 259.203 0.05959 0
2 25 2 2  0 5.95939e-203 5.42355e-202 2.09175e-201 3.52289e-313
2 25 3 2  21.3937 158.097 13.177 9.7447 5.12791e-043
2 25 4 2  2.10095 124.221 22.4302 3.70707e-006 0
2 26 1 2  2.36748 422.524 151.63 0.0930749 0
2 26 2 2  0 5.60183e-191 2.39713e-205 2.74477e-204 4.22302e-316
2 26 3 2  44.59 329.421 15.0622 1.36324 2.90155e-044
2 26 4 2  2.00337 117.309 14.2083 3.70538e-006 0
2 27 1 2  0.808493 153.079 278.161 0.096624 0
2 27 2 2  0 8.91751e-178 1.11013e-196 9.15168e-208 1.5111e-319
2 27 3 2  48.9329 364.489 28.0005 0.958674 1.58152e-045
2 27 4 2  1.81896 106.841 14.9776 1.06021e-005 0
2 28 1 2  3.73635 662.844 140.764 1.38222 0
2 28 2 2  0 1.5832e-180 5.96086e-182 9.42806e-199 1.43279e-321
2 28 3 2  55.3361 414.841 42.52 2.03519 9.52136e-047
2 28 4 2  5.37319 312.519 24.8728 0.00249084 0
2 29 1 2  2.00403 373.568 538.698 0.363077 0
2 29 2 2  0 5.22549e-186 2.74964e-184 5.03154e-184 1.4822e-323
2 29 3 2  89.9189 666.905 41.1663 2.98782 5.76317e-048
2 29 4 2  6.47305 381.165 59.3116 0.000732257 0
2 30 1 2  6.77839 1205.9 343.848 2.93467 0
2 30 2 2  0 1.95322e-185 2.58408e-186 1.67701e-185 0
2 30 3 2  397.603 2922.42 73.7071 3.08514 3.55215e-049
2 30 4 2  10.3926 610.976 89.1664 0.0125415 0
2 31 1 2  7.3928 1342.81 1080.57 1.63929 0
2 31 2 2  0 4.47511e-190 4.15156e-188 6.4236e-187 0
2 31 3 2  1682.84 12381.7 356.136 5.57713 2.23083e-050
2 31 4 2  7.29528 441.316 140.765 0.0132304 0
2 32 1 2  10.1512 1834.06 1249.22 7.70474 0
2 32 2 2  0 6.89961e-191 2.95986e-190 1.23489e-188 0
2 32 3 2  24.0448 530.071 1380.77 24.888 1.35594e-051
2 32 4 2  17.5618 1025.73 109.028 0.0607019 0
2 33 1 2  0.0891733 61.1998 1181.73 3.33514 0
2 33 2 2  0 1.07775e-195 7.79758e-193 1.14961e-190 0
2 33 3 2  34.4372 258.634 66.3072 61.4979 7.20129e-053
2 33 4 2  3.10664 199.819 134.618 0.00369119 0
2 34 1 2  2.11086 373.171 53.3801 3.13946 0
2 34 2 2  0 3.76369e-201 2.10967e-195 6.97975e-193 0
2 34 3 2  18.28 140.119 27.9014 6.80686 3.91794e-054
2 34 4 2  6.4701 376.768 32.8038 0.00449386 0
2 35 1 2  0.760536 144.747 280.919 0.0903854 0
2 35 2 2  0 2.3311e-207 2.06356e-198 1.74352e-195 0
2 35 3 2  9.002 68.9369 13.4224 2.1188 2.26173e-055
2 35 4 2  3.73251 224.235 62.1408 0.000321292 0
2 36 1 2  1.29356 232.689 134.547 1.52086 0
2 36 2 2  0 3.30604e-213 3.13471e-201 6.06164e-198 0
2 36 3 2  154.408 1129.65 8.22625 1.03443 1.32743e-056
2 36 4 2  9.87347 575.392 52.9011 0.012939 0
2 37 1 2  4.61959 822.053 237.055 1.13391 0
2 37 2 2  0 3.64011e-206 4.5572e-203 1.91011e-199 0
2 37 3 2  1245.01 9133.77 159.302 0.722646 8.49995e-058
2 37 4 2  37.663 2189.15 165.661 0.034972 0
2 38 1 2  3.95936 728.735 828.719 2.0914 0
2 38 2 2  0 6.76319e-203 9.11213e-205 8.47783e-201 0
2 38 3 2  2329.89 17339.3 1254.56 12.5542 5.47985e-059
2 38 4 2  35.0227 2110.24 623.872 0.123341 0
2 39 1 2  0.103806 40.6193 582.626 2.33898 0
2 39 2 2  0 3.89687e-208 1.28187e-206 2.50698e-202 0
2 39 3 2  1032.06 7967.58 1709.13 82.0066 3.35848e-060
2 39 4 2  8.48811 548.632 384.831 0.0233654 0
2 40 1 2  0.391556 70.0867 35.1153 1.51744 0
2 40 2 2  0 4.93201e-206 4.11754e-209 3.22451e-204 0
2 40 3 2  437.688 3377.62 763.315 106.896 1.97191e-061
2 40 4 2  5.88593 352.719 92.5975 0.0118196 0
2 41 1 2  0.39446 71.5393 54.8582 0.0941706 0
2 41 2 2  0 2.35819e-213 4.18955e-212 9.63531e-207 0
2 41 3 2  5.06786 89.1562 229.288 50.0908 1.15786e-062
2 41 4 2  2.12645 131.792 60.8482 0.00301444 0
2 42 1 2  0.110057 21.2431 48.4454 0.0632592 0
2 42 2 2  0 3.66884e-219 6.70255e-215 6.98668e-209 0
2 42 3 2  1.15965 9.7524 13.1951 15.5066 6.79641e-064
2 42 4 2  0.711045 43.611 17.458 0.000215966 0
full time series of fishery length comp
fleet year spp area catch-at-size
1 1 1 1  24.7489 739.353 434.117 129.332 482.232
1 1 2 1  0 2.8805e-032 7.35795e-084 1.22368e-154 1.20441e-008
1 1 3 1  1.65646e-006 1.55931e-007 8.4014e-008 1.6486e-008 1.59518e-027
1 1 4 1  3467.51 2.15962e-035 2999.18 122.855 1.9781e-062
1 2 1 1  104378 50.2763 285.461 531.077 0.155146
1 2 2 1  8.50347e-007 0 0 0 1.15855e-282
1 2 3 1  2.53734e-006 1.72204e-009 4.49896e-009 2.37575e-009 2.3649e-028
1 2 4 1  607.692 7.98129 407.159 669.898 9.28223e-072
1 3 1 1  71203.9 1358.92 326.833 547.809 1.79648e-011
1 3 2 1  0.000203839 4.10562e-238 0 0 1.2453e-284
1 3 3 1  0.00048977 1.04793e-010 1.85991e-009 2.09821e-009 2.2287e-028
1 3 4 1  117635 3.82882 284.22 81.2719 1.31946e-102
1 4 1 1  159379 1104.34 96.5636 17.9244 9.15793e-202
1 4 2 1  1.59076e-005 9.8133e-197 4.66193e-242 0 3.01705e-286
1 4 3 1  7.33717e-006 6.44049e-006 4.1456e-011 6.55425e-011 6.63336e-030
1 4 4 1  128692 759.673 3.78428 1.22756 0
1 5 1 1  141123 7238.87 375.442 14.4201 2.50683e-307
1 5 2 1  2.32361e-005 1.07766e-203 2.49768e-203 1.683e-244 2.61651e-287
1 5 3 1  0.000578032 4.67205e-007 1.96363e-007 1.02411e-011 9.93266e-031
1 5 4 1  153500 1681.57 100.255 0.0509794 0
1 6 1 1  4564.48 6239.63 1832.95 21.0499 0
1 6 2 1  6.29284e-006 1.2833e-212 4.97518e-207 5.25036e-207 7.59098e-289
1 6 3 1  8.45911e-005 1.1611e-005 2.75178e-008 3.34347e-009 1.31687e-031
1 6 4 1  152389 2172.78 137.015 0.344005 0
1 7 1 1  127037 45.2251 150.41 22.2295 0
1 7 2 1  1.60126e-006 3.30353e-236 1.68163e-215 2.27242e-211 7.45528e-292
1 7 3 1  6.45316e-005 5.71798e-008 1.46699e-008 6.53564e-011 1.54783e-033
1 7 4 1  126778 80.2868 16.7511 0.0510143 0
1 8 1 1  7943.66 11320.6 66.7039 20.3355 0
1 8 2 1  3.59742e-006 2.68203e-246 3.4279e-218 1.11806e-212 1.0622e-292
1 8 3 1  0.000109825 3.98573e-008 7.59675e-009 8.74417e-010 6.82764e-034
1 8 4 1  123830 1609.72 19.6594 0.179761 0
1 9 1 1  99445.2 108.838 347.527 0.336285 0
1 9 2 1  1.94289e-006 5.27697e-256 6.14759e-222 2.70678e-215 6.49769e-295
1 9 3 1  8.38109e-005 2.54086e-008 9.80992e-011 2.52681e-011 1.37059e-035
1 9 4 1  138700 38.8797 11.548 0.000975345 0
1 10 1 1  131002 1610.47 23.7372 10.2638 0
1 10 2 1  2.4382e-006 7.55507e-264 6.1767e-224 1.05103e-216 3.09052e-296
1 10 3 1  8.35214e-005 2.95711e-008 3.20676e-010 2.43803e-012 9.21422e-037
1 10 4 1  144855 434.6 1.754 0.0153215 0
1 11 1 1  126299 3833.69 361.915 0.621303 0
1 11 2 1  3.4513e-006 8.58813e-271 1.29946e-225 8.56594e-218 3.15859e-297
1 11 3 1  0.000116701 4.75345e-008 7.27006e-010 6.69953e-012 1.36806e-037
1 11 4 1  162199 702.536 26.2797 0.0018048 0
1 12 1 1  138462 940.648 247.106 1.5455 0
1 12 2 1  7.24697e-006 3.12295e-278 6.75264e-228 1.76555e-219 8.62189e-299
1 12 3 1  4.95022e-005 3.80856e-008 3.13607e-010 4.22257e-012 6.47321e-039
1 12 4 1  197436 205.081 10.4916 0.0008418 0
1 13 1 1  125565 3213.1 125.068 1.6699 0
1 13 2 1  1.56343e-005 2.10733e-213 1.77934e-229 1.28053e-220 7.37043e-300
1 13 3 1  0.000112506 3.0689e-008 8.34061e-010 5.56226e-012 7.99088e-040
1 13 4 1  281433 724.627 5.72183 0.000847595 0
1 14 1 1  117767 1553.22 181.389 0.102207 0
1 14 2 1  1.32841e-005 8.85956e-219 5.10706e-218 4.16118e-222 2.85221e-301
1 14 3 1  0.000106584 1.78477e-007 4.03235e-010 7.68829e-012 5.38966e-041
1 14 4 1  253520 593.286 7.26384 4.11692e-006 0
1 15 1 1  93072.5 1427.86 78.6714 0.090481 0
1 15 2 1  9.52215e-006 8.71871e-221 6.61857e-220 4.07885e-220 1.25107e-302
1 15 3 1  8.98846e-005 1.67991e-007 2.30034e-009 4.18956e-012 3.7556e-042
1 15 4 1  169516 505.774 4.95809 1.59746e-006 0
1 16 1 1  65055 931.29 59.5414 0.0201924 0
1 16 2 1  1.74453e-005 8.94614e-213 7.20424e-222 1.68158e-221 4.62643e-304
1 16 3 1  6.63102e-005 1.55646e-007 1.98668e-009 1.86463e-011 2.22657e-043
1 16 4 1  121531 270.497 3.33771 2.1529e-007 0
1 17 1 1  62226.5 840.032 39.4633 0.0178698 0
1 17 2 1  1.14533e-006 2.9923e-198 3.19108e-217 2.57374e-223 7.54394e-306
1 17 3 1  9.7992e-005 4.09286e-007 1.99579e-009 1.59056e-011 1.17427e-044
1 17 4 1  256533 333.523 1.94938 2.14065e-007 0
1 18 1 1  34523.6 618.771 47.0137 0.021853 0
1 18 2 1  1.69798e-007 6.74939e-213 6.78211e-212 1.12096e-221 1.30433e-308
1 18 3 1  8.72707e-005 1.20832e-008 4.85524e-009 2.04828e-011 8.21998e-046
1 18 4 1  97733.9 224.162 3.19483 5.46581e-007 0
1 19 1 1  30534.8 340.535 27.1228 0.0114931 0
1 19 2 1  8.86364e-006 1.77655e-236 1.35021e-216 7.72149e-217 1.69197e-310
1 19 3 1  2.23166e-005 2.61107e-008 3.8619e-010 4.69021e-011 5.74516e-047
1 19 4 1  116021 111.148 1.48895 1.22514e-007 0
1 20 1 1  43049.9 308.625 11.5354 0.00321506 0
1 20 2 1  9.00299e-006 1.88084e-196 6.27776e-219 1.20004e-218 2.03621e-312
1 20 3 1  1.14973e-005 5.31237e-008 3.06087e-010 4.89251e-012 2.78991e-048
1 20 4 1  193026 196.827 0.577829 9.58782e-009 0
1 21 1 1  31218.2 406.036 13.5392 0.00420094 0
1 21 2 1  9.22628e-006 4.52351e-202 1.83251e-201 9.18796e-221 1.55157e-314
1 21 3 1  3.64742e-006 5.75473e-009 5.47652e-010 2.40349e-012 1.36677e-049
1 21 4 1  85502 254.672 1.54349 5.94226e-008 0
1 22 1 1  42367.7 274.883 17.3124 0.0116473 0
1 22 2 1  8.12282e-006 7.48398e-207 1.48743e-204 8.44974e-205 3.38663e-317
1 22 3 1  1.43938e-005 9.33236e-009 5.64253e-011 2.7178e-012 4.63264e-051
1 22 4 1  93295.9 168.19 2.37027 1.29714e-006 0
1 23 1 1  25770.6 1261.27 32.1502 0.0827384 0
1 23 2 1  1.7819e-005 3.04651e-212 9.61605e-207 1.87323e-206 5.87365e-319
1 23 3 1  2.05997e-005 8.9753e-008 2.26647e-010 1.14162e-012 4.90707e-052
1 23 4 1  152649 646.487 4.32479 9.31416e-005 0
1 24 1 1  47664.4 466.1 79.1364 0.0286423 0
1 24 2 1  2.174e-005 1.58127e-208 6.79593e-209 3.52329e-208 1.12252e-320
1 24 3 1  7.59289e-007 1.59484e-007 1.39846e-009 2.42814e-012 3.72805e-053
1 24 4 1  139787 579.223 7.24846 3.77893e-006 0
1 25 1 1  31456.7 597.259 20.3762 0.0260602 0
1 25 2 1  9.13189e-006 1.70056e-207 1.11359e-211 1.45112e-210 4.94066e-323
1 25 3 1  9.214e-006 8.5836e-009 1.91993e-009 1.06528e-011 2.06735e-054
1 25 4 1  123480 378.183 4.16476 5.83032e-007 0
1 26 1 1  46198.2 328.354 27.4667 0.00792356 0
1 26 2 1  7.83324e-006 1.06834e-213 4.18414e-213 4.09381e-213 0
1 26 3 1  1.37072e-005 1.53543e-008 1.62789e-010 1.49397e-011 1.15305e-055
1 26 4 1  91756.4 217.769 2.90312 4.98868e-007 0
1 27 1 1  13192.6 490.894 14.9398 0.012334 0
1 27 2 1  4.91482e-006 8.00779e-202 1.34227e-216 3.87059e-216 0
1 27 3 1  1.0072e-005 2.64991e-008 1.54808e-010 1.75126e-012 5.48365e-057
1 27 4 1  61955.3 179.379 1.77009 4.98061e-007 0
1 28 1 1  15503.5 71.5447 15.1617 0.0123312 0
1 28 2 1  3.52586e-006 6.27166e-189 3.80776e-208 8.05305e-220 0
1 28 3 1  2.80793e-006 1.17636e-008 1.12018e-010 4.71932e-013 1.13821e-058
1 28 4 1  37279.8 70.5046 1.31642 1.40664e-006 0
1 29 1 1  16198.8 466.773 10.2746 0.18014 0
1 29 2 1  7.05517e-006 1.59867e-191 3.15953e-193 1.31188e-210 0
1 29 3 1  1.12134e-005 1.97559e-008 2.5974e-010 1.54786e-012 1.06181e-059
1 29 4 1  99367.7 302.248 2.62359 0.000332898 0
1 30 1 1  27485 161.482 27.7125 0.0461124 0
1 30 2 1  6.11889e-006 3.57922e-197 1.04432e-195 5.02477e-196 0
1 30 3 1  1.87143e-005 1.96149e-008 1.52074e-010 1.36548e-012 3.85705e-061
1 30 4 1  70332.8 232.569 5.01412 9.69873e-005 0
1 31 1 1  29853.1 585.274 19.2714 0.375348 0
1 31 2 1  1.33372e-005 1.58825e-196 1.22028e-197 2.08797e-197 0
1 31 3 1  2.91485e-005 9.96607e-008 3.09118e-010 1.5962e-012 2.68723e-062
1 31 4 1  41507.1 417.42 7.98533 0.00166525 0
1 32 1 1  28794.5 438.963 44.6604 0.20394 0
1 32 2 1  9.25719e-006 2.20454e-201 1.11778e-199 4.6144e-199 0
1 32 3 1  5.6667e-007 2.75687e-007 9.82995e-010 1.90612e-012 1.11863e-063
1 32 4 1  75039.9 205.267 10.1983 0.00173954 0
1 33 1 1  1032.14 1138.12 86.3585 1.00127 0
1 33 2 1  1.08688e-005 6.4456e-202 1.37683e-201 1.60042e-200 0
1 33 3 1  1.37013e-006 2.04397e-008 7.05184e-009 1.6618e-011 1.36929e-064
1 33 4 1  53495.5 849.891 11.0142 0.00810325 0
1 34 1 1  14000.7 39.6314 82.7668 0.433705 0
1 34 2 1  1.0185e-005 1.04297e-206 3.69746e-204 1.39152e-202 0
1 34 3 1  6.32743e-007 1.18663e-008 3.68165e-010 4.26934e-011 7.42627e-066
1 34 4 1  62654.5 177.452 13.7666 0.000492884 0
1 35 1 1  7824.11 314.476 4.37697 0.412034 0
1 35 2 1  8.17926e-006 4.05405e-212 1.08442e-206 9.26128e-205 0
1 35 3 1  6.57505e-007 7.99187e-009 2.03934e-010 6.22402e-012 5.26572e-067
1 35 4 1  67065.2 429.426 3.69809 0.000602046 0
1 36 1 1  4841.02 62.9088 14.5049 0.011483 0
1 36 2 1  5.16171e-006 1.30923e-218 5.58187e-210 1.20153e-207 0
1 36 3 1  5.61711e-006 2.05362e-009 4.93381e-011 9.60216e-013 1.49996e-068
1 36 4 1  57653.5 137.785 5.26657 4.25598e-005 0
1 37 1 1  8792.39 64.5999 4.79485 0.186034 0
1 37 2 1  1.24342e-005 1.44134e-224 8.18248e-213 4.11171e-210 0
1 37 3 1  1.6191e-005 2.22347e-008 1.95742e-011 2.99637e-013 5.58506e-070
1 37 4 1  101152 231.144 3.4515 0.00169117 0
1 38 1 1  7080.26 212.663 7.97391 0.137731 0
1 38 2 1  2.75676e-005 1.55314e-217 1.2004e-214 1.32365e-211 0
1 38 3 1  1.67932e-005 1.6626e-007 3.51741e-010 1.95249e-013 3.34238e-071
1 38 4 1  81243.9 817.927 10.3378 0.00455936 0
1 39 1 1  742.648 482.018 58.332 0.271956 0
1 39 2 1  3.3119e-005 6.79184e-214 5.59765e-216 1.44308e-212 0
1 39 3 1  2.32674e-005 7.83112e-007 7.16933e-009 9.01623e-012 5.80434e-072
1 39 4 1  86869.6 1911.07 64.2875 0.0164712 0
1 40 1 1  3141.08 27.4099 41.7765 0.304556 0
1 40 2 1  9.27746e-006 3.55151e-219 6.4449e-218 3.63701e-214 0
1 40 3 1  1.92773e-005 3.64358e-007 9.90235e-009 5.99641e-011 3.63945e-073
1 40 4 1  73638.7 504.429 40.0159 0.00312158 0
1 41 1 1  4968.94 47.5976 2.52038 0.197565 0
1 41 2 1  3.07143e-006 3.55046e-217 1.53733e-220 3.52041e-216 0
1 41 3 1  4.18814e-006 1.39563e-007 4.36037e-009 7.79327e-011 2.12603e-074
1 41 4 1  68837 324.56 9.65301 0.0015791 0
1 42 1 1  2414.56 68.1925 4.87836 0.0124154 0
1 42 2 1  1.76811e-006 2.78341e-224 2.71129e-223 1.80383e-218 0
1 42 3 1  3.60887e-006 5.28761e-009 1.89279e-009 5.30589e-011 1.82178e-075
1 42 4 1  49066.7 165.7 7.16278 0.000404469 0
2 1 1 1  7.0447e-014 1.90469e-012 1.45574e-013 1.1929e-015 1.22342e-016
2 1 2 1  0 7.75317e-021 1.95512e-072 3.19259e-143 3055.58
2 1 3 1  14249.9 1319.24 691.343 128.36 1.05256e-017
2 1 4 1  5.10846e-012 2.84555e-050 3.82159e-013 3.80401e-016 1.48836e-081
2 2 1 1  4.89576e-010 2.13422e-013 1.57735e-013 8.07162e-015 6.48581e-020
2 2 2 1  380774 0 0 0 4.84327e-271
2 2 3 1  35968 24.0069 61.004 30.4802 2.5713e-018
2 2 4 1  1.47523e-012 1.73287e-014 8.5489e-014 3.41793e-015 1.15084e-090
2 3 1 1  2.61672e-012 4.51974e-014 1.41498e-015 6.52341e-017 5.88422e-032
2 3 2 1  715159 1.42672e-228 0 0 4.07888e-275
2 3 3 1  54396.5 0.0114464 0.197597 0.210916 1.8986e-020
2 3 4 1  2.23747e-012 6.5133e-017 4.67566e-016 3.24891e-018 1.28175e-123
2 4 1 1  4.48606e-011 2.81321e-013 3.20198e-015 1.63483e-017 2.29745e-221
2 4 2 1  427465 2.61189e-186 1.22493e-231 0 7.56886e-276
2 4 3 1  6241.5 5388.11 0.0337332 0.0504619 4.3281e-021
2 4 4 1  1.87478e-011 9.89791e-014 4.76818e-017 3.75855e-019 0
2 5 1 1  3.83002e-011 1.77804e-012 1.20038e-014 1.26814e-017 0
2 5 2 1  602047 2.76562e-193 6.3278e-193 4.18658e-234 6.3291e-277
2 5 3 1  474114 376.874 154.064 0.00760257 6.24886e-022
2 5 4 1  2.15615e-011 2.11252e-013 1.218e-015 1.50503e-020 0
2 6 1 1  4.21775e-012 5.21813e-012 1.99531e-013 6.30277e-017 0
2 6 2 1  555134 1.1213e-201 4.2915e-196 4.44681e-196 6.25176e-278
2 6 3 1  236233 31889.1 73.5087 8.45072 2.82074e-022
2 6 4 1  7.28802e-011 9.29368e-013 5.66751e-015 3.4578e-019 0
2 7 1 1  2.87186e-010 9.25289e-014 4.0057e-014 1.62837e-016 0
2 7 2 1  345585 7.0618e-225 3.54872e-204 4.70858e-200 1.50214e-280
2 7 3 1  440890 384.201 95.8725 0.404136 8.11122e-024
2 7 4 1  1.48335e-010 8.40154e-014 1.69516e-015 1.25449e-019 0
2 8 1 1  1.03774e-011 1.33846e-011 1.02657e-014 8.60826e-017 0
2 8 2 1  448663 3.31313e-235 4.18029e-207 1.33876e-201 1.23677e-281
2 8 3 1  433606 154.76 28.6901 3.12459 2.06761e-024
2 8 4 1  8.37256e-011 9.73423e-013 1.14967e-015 2.55451e-019 0
2 9 1 1  2.23046e-010 2.20932e-013 9.1827e-014 2.44406e-018 0
2 9 2 1  416027 1.11918e-244 1.28714e-210 5.56461e-204 1.29893e-283
2 9 3 1  568117 169.385 0.636081 0.155021 7.12606e-026
2 9 4 1  1.61011e-010 4.03661e-014 1.15946e-015 2.37966e-021 0
2 10 1 1  2.15625e-010 2.39906e-012 4.60281e-015 5.47424e-017 0
2 10 2 1  383136 1.17589e-252 9.49053e-213 1.58566e-205 4.53387e-285
2 10 3 1  415477 144.668 1.5259 0.0109766 3.5157e-027
2 10 4 1  1.23402e-010 3.31128e-013 1.29237e-016 2.74327e-020 0
2 11 1 1  1.95008e-010 5.35718e-012 6.58311e-014 3.10849e-018 0
2 11 2 1  508742 1.25389e-259 1.87296e-214 1.21227e-206 4.34672e-286
2 11 3 1  544570 218.146 3.2451 0.0282947 4.89654e-028
2 11 4 1  1.29619e-010 5.02117e-013 1.81639e-015 3.03129e-021 0
2 12 1 1  9.15516e-011 5.62896e-013 1.92481e-014 3.31129e-018 0
2 12 2 1  457460 1.95257e-267 4.16792e-217 1.07e-208 5.08104e-288
2 12 3 1  98920.4 74.848 0.599455 0.00763695 9.92168e-030
2 12 4 1  6.7566e-011 6.27689e-014 3.10535e-016 6.05465e-022 0
2 13 1 1  1.41446e-010 3.27578e-012 1.65975e-014 6.09547e-018 0
2 13 2 1  1.68137e+006 2.24472e-202 1.87109e-218 1.32217e-209 7.40001e-289
2 13 3 1  383026 102.752 2.71618 0.0171389 2.08665e-030
2 13 4 1  1.64084e-010 3.77852e-013 2.88533e-016 1.03862e-021 0
2 14 1 1  7.96517e-011 9.5076e-013 1.44529e-014 2.23999e-019 0
2 14 2 1  857763 5.66619e-208 3.22444e-207 2.57964e-211 1.71937e-290
2 14 3 1  217867 358.789 0.788437 0.0142236 8.45014e-032
2 14 4 1  8.87464e-011 1.85746e-013 2.19925e-016 3.02893e-024 0
2 15 1 1  5.49764e-011 7.63318e-013 5.47448e-015 1.73183e-019 0
2 15 2 1  536972 4.86983e-210 3.64948e-209 2.20833e-209 6.58645e-292
2 15 3 1  160460 294.934 3.92811 0.00676911 5.14239e-033
2 15 4 1  5.18242e-011 1.38291e-013 1.31101e-016 1.02643e-024 0
2 16 1 1  4.91985e-011 6.37415e-013 5.30471e-015 4.94827e-020 0
2 16 2 1  1.25954e+006 6.39755e-202 5.08594e-211 1.16563e-210 3.11841e-293
2 16 3 1  151558 349.86 4.34345 0.038572 3.90336e-034
2 16 4 1  4.75692e-011 9.46929e-014 1.12994e-016 1.77109e-025 0
2 17 1 1  5.55669e-010 6.78896e-012 4.1515e-014 5.17076e-019 0
2 17 2 1  976412 2.52669e-186 2.66005e-205 2.10657e-211 6.00419e-294
2 17 3 1  2.64459e+006 10863.1 51.5219 0.388506 2.43075e-034
2 17 4 1  1.18564e-009 1.37864e-012 7.79243e-016 2.07936e-024 0
2 18 1 1  2.67438e-011 4.33813e-013 4.29044e-015 5.48543e-020 0
2 18 2 1  12557.4 4.94399e-202 4.90436e-201 7.95913e-211 9.00556e-298
2 18 3 1  204316 27.8211 10.8731 0.0434014 1.47607e-036
2 18 4 1  3.91849e-011 8.03808e-014 1.10787e-016 4.60581e-025 0
2 19 1 1  6.48092e-011 6.54137e-013 6.78182e-015 7.90445e-020 0
2 19 2 1  1.79604e+006 3.56553e-225 2.67518e-205 1.50215e-205 3.20073e-299
2 19 3 1  143151 164.719 2.36961 0.272296 2.82666e-037
2 19 4 1  1.27451e-010 1.092e-013 1.41467e-016 2.82859e-025 0
2 20 1 1  1.43751e-010 9.32685e-013 4.53777e-015 3.47872e-020 0
2 20 2 1  2.87003e+006 5.93874e-185 1.95683e-207 3.67286e-207 6.06005e-301
2 20 3 1  116027 527.241 2.95473 0.0446865 2.15952e-038
2 20 4 1  3.33596e-010 3.04232e-013 8.63719e-017 3.48259e-026 0
2 21 1 1  2.35718e-010 2.7747e-012 1.20434e-014 1.02784e-019 0
2 21 2 1  6.6508e+006 3.22973e-190 1.29164e-189 6.35879e-209 1.04417e-302
2 21 3 1  83233.2 129.15 11.9543 0.0496404 2.39228e-039
2 21 4 1  3.3414e-010 8.90123e-013 5.21704e-016 4.88069e-025 0
2 22 1 1  3.86395e-010 2.26888e-012 1.86005e-014 3.44203e-019 0
2 22 2 1  7.07237e+006 6.4541e-195 1.26632e-192 7.06335e-193 2.75283e-305
2 22 3 1  396734 252.972 1.48767 0.0677987 9.7939e-041
2 22 4 1  4.40378e-010 7.10036e-013 9.67675e-016 1.28686e-023 0
2 23 1 1  6.81841e-011 3.02018e-012 1.00211e-014 7.09348e-019 0
2 23 2 1  4.50096e+006 7.62198e-201 2.37502e-195 4.54277e-195 1.3851e-307
2 23 3 1  164720 705.817 1.73359 0.00826202 3.00962e-042
2 23 4 1  2.09035e-010 7.91775e-013 5.12224e-016 2.6807e-022 0
2 24 1 1  2.35328e-010 2.08269e-012 4.60285e-014 4.58226e-019 0
2 24 2 1  1.02471e+007 7.38231e-197 3.13213e-197 1.5944e-196 4.93976e-309
2 24 3 1  11329.6 2340.34 19.9603 0.0327914 4.2667e-043
2 24 4 1  3.57202e-010 1.32376e-012 1.60199e-015 2.02952e-023 0
2 25 1 1  1.70765e-010 2.93438e-012 1.30311e-014 4.58414e-019 0
2 25 2 1  4.73271e+006 8.7294e-196 5.6432e-200 7.22041e-199 2.47595e-311
2 25 3 1  151169 138.497 30.1307 0.158182 2.60155e-044
2 25 4 1  3.46938e-010 9.50327e-013 1.01208e-015 3.4429e-024 0
2 26 1 1  3.94056e-010 2.53478e-012 2.76001e-014 2.19001e-019 0
2 26 2 1  6.37876e+006 8.61688e-202 3.33158e-201 3.2006e-201 1.28397e-313
2 26 3 1  353353 389.268 4.01414 0.348564 2.27988e-045
2 26 4 1  4.05076e-010 8.59828e-013 1.10849e-015 4.62875e-024 0
2 27 1 1  1.73017e-010 5.82656e-012 2.3082e-014 5.24148e-019 0
2 27 2 1  6.15357e+006 9.93064e-190 1.64327e-204 4.65271e-204 1.70562e-316
2 27 3 1  399210 1032.93 5.86931 0.0628226 1.66709e-046
2 27 4 1  4.20536e-010 1.08896e-012 1.03918e-015 7.10534e-024 0
2 28 1 1  1.98109e-010 8.27404e-013 2.28241e-014 5.1059e-019 0
2 28 2 1  4.30131e+006 7.57815e-177 4.54208e-196 9.43203e-208 3.71488e-320
2 28 3 1  108440 446.787 4.13806 0.0164953 3.37154e-048
2 28 4 1  2.46556e-010 4.17038e-013 7.53018e-016 1.95525e-023 0
2 29 1 1  1.20793e-010 3.15017e-012 9.02607e-015 4.35277e-018 0
2 29 2 1  5.02263e+006 1.12726e-179 2.19935e-181 8.96654e-199 3.26083e-322
2 29 3 1  252712 437.867 5.59933 0.0315718 1.83544e-049
2 29 4 1  3.83507e-010 1.0433e-012 8.75777e-016 2.70034e-021 0
2 30 1 1  1.76823e-010 9.40232e-013 2.10035e-014 9.6129e-019 0
2 30 2 1  3.75819e+006 2.17741e-185 6.27172e-184 2.96299e-184 0
2 30 3 1  363868 375.072 2.82836 0.024029 5.75215e-051
2 30 4 1  2.3419e-010 6.92596e-013 1.44402e-015 6.7874e-022 0
2 31 1 1  9.11017e-011 1.61645e-012 6.92822e-015 3.71163e-018 0
2 31 2 1  3.88566e+006 4.58314e-185 3.47624e-186 5.84024e-186 0
2 31 3 1  268831 903.952 2.72708 0.0133239 1.90096e-052
2 31 4 1  6.5558e-011 5.8965e-013 1.09085e-015 5.52792e-021 0
2 32 1 1  2.76778e-010 3.81871e-012 5.05727e-014 6.3521e-018 0
2 32 2 1  8.49501e+006 2.00376e-189 1.00298e-187 4.06544e-187 0
2 32 3 1  16461.9 7876.32 27.3156 0.0501163 2.49253e-053
2 32 4 1  3.7332e-010 9.13324e-013 4.3882e-015 1.81887e-020 0
2 33 1 1  4.90877e-012 4.89879e-012 4.8385e-014 1.54305e-017 0
2 33 2 1  4.93489e+006 2.89871e-190 6.11262e-190 6.97652e-189 0
2 33 3 1  19693.5 288.93 96.9557 0.216183 1.50959e-054
2 33 4 1  1.3168e-010 1.87103e-012 2.3449e-015 4.19217e-020 0
2 34 1 1  1.29689e-010 3.32247e-013 9.03196e-014 1.30179e-017 0
2 34 2 1  9.00698e+006 9.13553e-195 3.1972e-192 1.18144e-190 0
2 34 3 1  17713.7 326.705 9.85901 1.08174 1.59462e-055
2 34 4 1  3.00382e-010 7.60885e-013 5.70843e-015 4.96643e-021 0
2 35 1 1  8.59584e-011 3.12685e-012 5.66498e-015 1.46683e-017 0
2 35 2 1  8.57885e+006 4.21162e-200 1.11215e-194 9.32598e-193 0
2 35 3 1  21831.3 260.967 6.47709 0.187039 1.34104e-056
2 35 4 1  3.81345e-010 2.18386e-012 1.81872e-015 7.19495e-021 0
2 36 1 1  9.98522e-011 1.17435e-012 3.52456e-014 7.67485e-019 0
2 36 2 1  1.01643e+007 2.55353e-206 1.07476e-197 2.27156e-195 0
2 36 3 1  350154 125.9 2.94197 0.0541747 7.17183e-058
2 36 4 1  6.15478e-010 1.31555e-012 4.86277e-015 9.54915e-022 0
2 37 1 1  6.74888e-011 4.48769e-013 4.33582e-015 4.62712e-018 0
2 37 2 1  9.11181e+006 1.04616e-212 5.86301e-201 2.8928e-198 0
2 37 3 1  375600 507.271 0.434356 0.00629112 9.93764e-060
2 37 4 1  4.01853e-010 8.21279e-013 1.18596e-015 1.41207e-020 0
2 38 1 1  2.24869e-011 6.11278e-013 2.98348e-015 1.41745e-018 0
2 38 2 1  8.35878e+006 4.66444e-206 3.55892e-203 3.85322e-200 0
2 38 3 1  161191 1569.48 3.22954 0.00169621 2.46075e-061
2 38 4 1  1.33548e-010 1.20248e-012 1.46975e-015 1.57518e-020 0
2 39 1 1  1.21192e-012 7.11903e-013 1.12142e-014 1.43808e-018 0
2 39 2 1  5.15977e+006 1.04806e-202 8.52724e-205 2.1585e-201 0
2 39 3 1  114753 3798.39 33.8225 0.0402461 2.19571e-062
2 39 4 1  7.33713e-011 1.44361e-012 4.69628e-015 2.92389e-020 0
2 40 1 1  1.17126e-011 9.25017e-014 1.83518e-014 3.67989e-018 0
2 40 2 1  3.30268e+006 1.25226e-207 2.24338e-206 1.24305e-202 0
2 40 3 1  217244 4038.2 106.746 0.61161 3.14588e-063
2 40 4 1  1.42118e-010 8.70681e-013 6.6795e-015 1.26618e-020 0
2 41 1 1  4.81421e-011 4.17362e-013 2.87672e-015 6.20247e-018 0
2 41 2 1  2.84095e+006 3.25276e-205 1.3904e-208 3.12625e-204 0
2 41 3 1  122633 4018.98 122.13 2.06532 4.77488e-064
2 41 4 1  3.45183e-010 1.45559e-012 4.18658e-015 1.66424e-020 0
2 42 1 1  1.00721e-011 2.57447e-013 2.39734e-015 1.67817e-019 0
2 42 2 1  704134 1.09791e-212 1.05578e-211 6.89682e-207 0
2 42 3 1  45497 65.5584 22.8256 0.60541 1.76162e-065
2 42 4 1  1.05935e-010 3.19957e-013 1.33752e-015 1.83533e-021 0
